#
# There is insufficient memory for the Java Runtime Environment to continue.
# Native memory allocation (malloc) failed to allocate 2123104 bytes. Error detail: Chunk::new
# Possible reasons:
#   The system is out of physical RAM or swap space
#   This process is running with CompressedOops enabled, and the Java Heap may be blocking the growth of the native heap
# Possible solutions:
#   Reduce memory load on the system
#   Increase physical memory or swap space
#   Check if swap backing store is full
#   Decrease Java heap size (-Xmx/-Xms)
#   Decrease number of Java threads
#   Decrease Java thread stack sizes (-Xss)
#   Set larger code cache with -XX:ReservedCodeCacheSize=
#   JVM is running with Unscaled Compressed Oops mode in which the Java heap is
#     placed in the first 4GB address space. The Java Heap base address is the
#     maximum limit for the native heap growth. Please use -XX:HeapBaseMinAddress
#     to set the Java Heap base and to place the Java Heap above 4GB virtual address.
# This output file may be truncated or incomplete.
#
#  Out of Memory Error (arena.cpp:168), pid=6980, tid=9476
#
# JRE version: OpenJDK Runtime Environment Temurin-21.0.7+6 (21.0.7+6) (build 21.0.7+6-LTS)
# Java VM: OpenJDK 64-Bit Server VM Temurin-21.0.7+6 (21.0.7+6-LTS, mixed mode, sharing, tiered, compressed oops, compressed class ptrs, parallel gc, windows-amd64)
# No core dump will be written. Minidumps are not enabled by default on client versions of Windows
#

---------------  S U M M A R Y ------------

Command Line: --add-modules=ALL-SYSTEM --add-opens=java.base/java.util=ALL-UNNAMED --add-opens=java.base/java.lang=ALL-UNNAMED --add-opens=java.base/sun.nio.fs=ALL-UNNAMED -Declipse.application=org.eclipse.jdt.ls.core.id1 -Dosgi.bundles.defaultStartLevel=4 -Declipse.product=org.eclipse.jdt.ls.core.product -Djava.import.generatesMetadataFilesAtProjectRoot=false -DDetectVMInstallationsJob.disabled=true -Dfile.encoding=utf8 -XX:+UseParallelGC -XX:GCTimeRatio=4 -XX:AdaptiveSizePolicyWeight=90 -Dsun.zip.disableMemoryMapping=true -Xmx2G -Xms100m -Xlog:disable -javaagent:c:\Users\pc\.cursor\extensions\redhat.java-1.43.1-win32-x64\lombok\lombok-1.18.39-4050.jar -XX:+HeapDumpOnOutOfMemoryError -XX:HeapDumpPath=c:\Users\pc\AppData\Roaming\Cursor\User\workspaceStorage\17a42e5fca43c5cfd27dfec362e362d2\redhat.java -Daether.dependencyCollector.impl=bf c:\Users\pc\.cursor\extensions\redhat.java-1.43.1-win32-x64\server\plugins\org.eclipse.equinox.launcher_1.7.0.v20250519-0528.jar -configuration c:\Users\pc\AppData\Roaming\Cursor\User\globalStorage\redhat.java\1.43.1\config_win -data c:\Users\pc\AppData\Roaming\Cursor\User\workspaceStorage\17a42e5fca43c5cfd27dfec362e362d2\redhat.java\jdt_ws --pipe=\\.\pipe\lsp-8e840b807d38bf563b6814113148c293-sock

Host: Intel(R) Core(TM) i5-6200U CPU @ 2.30GHz, 4 cores, 3G,  Windows 10 , 64 bit Build 19041 (10.0.19041.5915)
Time: Tue Jul 22 21:22:01 2025 Paris, Madrid (heure duild 19041 (10.0.19041.5915) elapsed time: 26.535482 seconds (0d 0h 0m 26s)

---------------  T H R E A D  ---------------

Current thread (0x00000200f1b35c40):  JavaThread "C2 CompilerThread0" daemon [_thread_in_native, id=9476, stack(0x0000008516600000,0x0000008516700000) (1024K)]


Current CompileTask:
C2:26535 4054   !   4       org.eclipse.osgi.internal.loader.classpath.ClasspathManager::findClassImpl (343 bytes)

Stack: [0x0000008516600000,0x0000008516700000]
Native frames: (J=compiled Java code, j=interpreted, Vv=VM code, C=native code)
V  [jvm.dll+0x6ce119]
V  [jvm.dll+0x8a84a1]
V  [jvm.dll+0x8aa9ce]
V  [jvm.dll+0x8ab0b3]
V  [jvm.dll+0x27f8a6]
V  [jvm.dll+0xc507d]
V  [jvm.dll+0xc55b3]
V  [jvm.dll+0x3b692c]
V  [jvm.dll+0x1e0029]
V  [jvm.dll+0x247c42]
V  [jvm.dll+0x2470cf]
V  [jvm.dll+0x1c760e]
V  [jvm.dll+0x25695a]
V  [jvm.dll+0x254efa]
V  [jvm.dll+0x3f03f6]
V  [jvm.dll+0x851f6b]
V  [jvm.dll+0x6cc7dd]
C  [ucrtbase.dll+0x21bb2]
C  [KERNEL32.DLL+0x17374]
C  [ntdll.dll+0x4cc91]


---------------  P R O C E S S  ---------------

Threads class SMR info:
_java_thread_list=0x00000200d059b270, length=24, elements={
0x00000200f1c41e00, 0x00000200f1b2a470, 0x00000200f1b2dd80, 0x00000200f1b2f680,
0x00000200f1b30590, 0x00000200f1b333b0, 0x00000200f1b34e10, 0x00000200f1b35c40,
0x00000200f1ba8ea0, 0x00000200f1cacea0, 0x00000200fa4a7730, 0x00000200fa9ca500,
0x00000200fa220e50, 0x00000200fa774460, 0x00000200fa76b630, 0x00000200ff2475a0,
0x00000200ff327970, 0x00000200fa416520, 0x00000200faa1f3c0, 0x00000200facbea50,
0x00000200fac0afd0, 0x00000200fac0c380, 0x00000200fac0b660, 0x00000200fac0ddc0
}

Java Threads: ( => current thread )
  0x00000200f1c41e00 JavaThread "main"                              [_thread_blocked, id=1504, stack(0x0000008515c00000,0x0000008515d00000) (1024K)]
  0x00000200f1b2a470 JavaThread "Reference Handler"          daemon [_thread_blocked, id=11672, stack(0x0000008516000000,0x0000008516100000) (1024K)]
  0x00000200f1b2dd80 JavaThread "Finalizer"                  daemon [_thread_blocked, id=14368, stack(0x0000008516100000,0x0000008516200000) (1024K)]
  0x00000200f1b2f680 JavaThread "Signal Dispatcher"          daemon [_thread_blocked, id=2796, stack(0x0000008516200000,0x0000008516300000) (1024K)]
  0x00000200f1b30590 JavaThread "Attach Listener"            daemon [_thread_blocked, id=3068, stack(0x0000008516300000,0x0000008516400000) (1024K)]
  0x00000200f1b333b0 JavaThread "Service Thread"             daemon [_thread_blocked, id=2972, stack(0x0000008516400000,0x0000008516500000) (1024K)]
  0x00000200f1b34e10 JavaThread "Monitor Deflation Thread"   daemon [_thread_blocked, id=3128, stack(0x0000008516500000,0x0000008516600000) (1024K)]
=>0x00000200f1b35c40 JavaThread "C2 CompilerThread0"         daemon [_thread_in_native, id=9476, stack(0x0000008516600000,0x0000008516700000) (1024K)]
  0x00000200f1ba8ea0 JavaThread "C1 CompilerThread0"         daemon [_thread_blocked, id=16796, stack(0x0000008516700000,0x0000008516800000) (1024K)]
  0x00000200f1cacea0 JavaThread "Common-Cleaner"             daemon [_thread_blocked, id=2596, stack(0x0000008516800000,0x0000008516900000) (1024K)]
  0x00000200fa4a7730 JavaThread "Notification Thread"        daemon [_thread_blocked, id=11164, stack(0x0000008516900000,0x0000008516a00000) (1024K)]
  0x00000200fa9ca500 JavaThread "Active Thread: Equinox Container: b2d86a63-5ad6-403a-97c2-f0766165d68a"        [_thread_blocked, id=2016, stack(0x0000008516d00000,0x0000008516e00000) (1024K)]
  0x00000200fa220e50 JavaThread "Refresh Thread: Equinox Container: b2d86a63-5ad6-403a-97c2-f0766165d68a" daemon [_thread_blocked, id=16300, stack(0x0000008516e00000,0x0000008516f00000) (1024K)]
  0x00000200fa774460 JavaThread "Framework Event Dispatcher: Equinox Container: b2d86a63-5ad6-403a-97c2-f0766165d68a" daemon [_thread_blocked, id=11236, stack(0x0000008516f00000,0x0000008517000000) (1024K)]
  0x00000200fa76b630 JavaThread "Start Level: Equinox Container: b2d86a63-5ad6-403a-97c2-f0766165d68a" daemon [_thread_in_vm, id=10140, stack(0x0000008517000000,0x0000008517100000) (1024K)]
  0x00000200ff2475a0 JavaThread "Bundle File Closer"         daemon [_thread_blocked, id=17620, stack(0x0000008517100000,0x0000008517200000) (1024K)]
  0x00000200ff327970 JavaThread "SCR Component Actor"        daemon [_thread_blocked, id=1344, stack(0x0000008517200000,0x0000008517300000) (1024K)]
  0x00000200fa416520 JavaThread "SCR Component Registry"     daemon [_thread_blocked, id=10176, stack(0x0000008517300000,0x0000008517400000) (1024K)]
  0x00000200faa1f3c0 JavaThread "Worker-JM"                         [_thread_blocked, id=8828, stack(0x0000008517400000,0x0000008517500000) (1024K)]
  0x00000200facbea50 JavaThread "JNA Cleaner"                daemon [_thread_blocked, id=9812, stack(0x0000008517500000,0x0000008517600000) (1024K)]
  0x00000200fac0afd0 JavaThread "Worker-0: Repository registry initialization"        [_thread_in_vm, id=4472, stack(0x0000008517600000,0x0000008517700000) (1024K)]
  0x00000200fac0c380 JavaThread "Worker-1: Updating Maven Dependencies"        [_thread_blocked, id=1608, stack(0x0000008517700000,0x0000008517800000) (1024K)]
  0x00000200fac0b660 JavaThread "Worker-2"                          [_thread_blocked, id=8292, stack(0x0000008517800000,0x0000008517900000) (1024K)]
  0x00000200fac0ddc0 JavaThread "Worker-3"                          [_thread_blocked, id=252, stack(0x0000008517900000,0x0000008517a00000) (1024K)]
Total: 24

Other Threads:
  0x00000200f1d00700 VMThread "VM Thread"                           [id=15236, stack(0x0000008515f00000,0x0000008516000000) (1024K)]
  0x00000200f1cac200 WatcherThread "VM Periodic Task Thread"        [id=11388, stack(0x0000008515e00000,0x0000008515f00000) (1024K)]
  0x00000200f1c61130 WorkerThread "GC Thread#0"                     [id=11444, stack(0x0000008515d00000,0x0000008515e00000) (1024K)]
  0x00000200fa81dbe0 WorkerThread "GC Thread#1"                     [id=14552, stack(0x0000008516a00000,0x0000008516b00000) (1024K)]
  0x00000200fa8013a0 WorkerThread "GC Thread#2"                     [id=5512, stack(0x0000008516b00000,0x0000008516c00000) (1024K)]
  0x00000200fa801740 WorkerThread "GC Thread#3"                     [id=5756, stack(0x0000008516c00000,0x0000008516d00000) (1024K)]
Total: 6

Threads with active compile tasks:
C2 CompilerThread0  26584 4054   !   4       org.eclipse.osgi.internal.loader.classpath.ClasspathManager::findClassImpl (343 bytes)
C1 CompilerThread0  26584 4183   !   3       java.lang.ClassLoader::addClass (27 bytes)
Total: 2

VM state: not at safepoint (normal execution)

VM Mutex/Monitor currently owned by a thread: None

Heap address: 0x0000000080000000, size: 2048 MB, Compressed Oops mode: 32-bit

CDS archive(s) mapped at: [0x000002008f000000-0x000002008fba0000-0x000002008fba0000), size 12189696, SharedBaseAddress: 0x000002008f000000, ArchiveRelocationMode: 1.
Compressed class space mapped at: 0x0000020090000000-0x00000200d0000000, reserved size: 1073741824
Narrow klass base: 0x000002008f000000, Narrow klass shift: 0, Narrow klass range: 0x100000000

GC Precious Log:
 CardTable entry size: 512
 CPUs: 4 total, 4 available
 Memory: 3424M
 Large Page Support: Disabled
 NUMA Support: Disabled
 Compressed Oops: Enabled (32-bit)
 Alignments: Space 512K, Generation 512K, Heap 2M
 Heap Min Capacity: 100M
 Heap Initial Capacity: 100M
 Heap Max Capacity: 2G
 Pre-touch: Disabled
 Parallel Workers: 4

Heap:
 PSYoungGen      total 24576K, used 8867K [0x00000000d5580000, 0x00000000d7300000, 0x0000000100000000)
  eden space 23040K, 31% used [0x00000000d5580000,0x00000000d5caa0e0,0x00000000d6c00000)
  from space 1536K, 99% used [0x00000000d7180000,0x00000000d72feda0,0x00000000d7300000)
  to   space 3584K, 0% used [0x00000000d6c00000,0x00000000d6c00000,0x00000000d6f80000)
 ParOldGen       total 68608K, used 14067K [0x0000000080000000, 0x0000000084300000, 0x00000000d5580000)
  object space 68608K, 20% used [0x0000000080000000,0x0000000080dbcef8,0x0000000084300000)
 Metaspace       used 29279K, committed 30208K, reserved 1114112K
  class space    used 2912K, committed 3264K, reserved 1048576K

Card table byte_map: [0x00000200f15f0000,0x00000200f1a00000] _byte_map_base: 0x00000200f11f0000

Marking Bits: (ParMarkBitMap*) 0x00007ffd688a31f0
 Begin Bits: [0x00000200f50f0000, 0x00000200f70f0000)
 End Bits:   [0x00000200f70f0000, 0x00000200f90f0000)

Polling page: 0x00000200efa90000

Metaspace:

Usage:
  Non-class:     25.75 MB used.
      Class:      2.84 MB used.
       Both:     28.59 MB used.

Virtual space:
  Non-class space:       64.00 MB reserved,      26.31 MB ( 41%) committed,  1 nodes.
      Class space:        1.00 GB reserved,       3.19 MB ( <1%) committed,  1 nodes.
             Both:        1.06 GB reserved,      29.50 MB (  3%) committed. 

Chunk freelists:
   Non-Class:  5.67 MB
       Class:  12.82 MB
        Both:  18.49 MB

MaxMetaspaceSize: unlimited
CompressedClassSpaceSize: 1.00 GB
Initial GC threshold: 21.00 MB
Current GC threshold: 35.00 MB
CDS: on
 - commit_granule_bytes: 65536.
 - commit_granule_words: 8192.
 - virtual_space_node_default_size: 8388608.
 - enlarge_chunks_in_place: 1.
 - use_allocation_guard: 0.


Internal statistics:

num_allocs_failed_limit: 3.
num_arena_births: 686.
num_arena_deaths: 14.
num_vsnodes_births: 2.
num_vsnodes_deaths: 0.
num_space_committed: 472.
num_space_uncommitted: 0.
num_chunks_returned_to_freelist: 17.
num_chunks_taken_from_freelist: 1932.
num_chunk_merges: 7.
num_chunk_splits: 1205.
num_chunks_enlarged: 707.
num_inconsistent_stats: 0.

CodeHeap 'non-profiled nmethods': size=120000Kb used=1807Kb max_used=1807Kb free=118192Kb
 bounds [0x0000020087ad0000, 0x0000020087d40000, 0x000002008f000000]
CodeHeap 'profiled nmethods': size=120000Kb used=8808Kb max_used=8808Kb free=111191Kb
 bounds [0x0000020080000000, 0x00000200808a0000, 0x0000020087530000]
CodeHeap 'non-nmethods': size=5760Kb used=1333Kb max_used=1347Kb free=4426Kb
 bounds [0x0000020087530000, 0x00000200877a0000, 0x0000020087ad0000]
 total_blobs=4793 nmethods=4169 adapters=530
 compilation: enabled
              stopped_count=0, restarted_count=0
 full_count=0

Compilation events (20 events):
Event: 26.496 Thread 0x00000200f1ba8ea0 4137   !   3       org.eclipse.core.internal.preferences.EclipsePreferences::getOrCreate (108 bytes)
Event: 26.497 Thread 0x00000200f1ba8ea0 nmethod 4137 0x000002008087bc90 code [0x000002008087bee0, 0x000002008087c9a0]
Event: 26.497 Thread 0x00000200f1ba8ea0 4139       3       org.eclipse.core.internal.preferences.PreferencesService::getDefault (20 bytes)
Event: 26.497 Thread 0x00000200f1ba8ea0 nmethod 4139 0x000002008087cd90 code [0x000002008087cf40, 0x000002008087d138]
Event: 26.497 Thread 0x00000200f1ba8ea0 4142       1       org.eclipse.core.internal.registry.ExtensionRegistry::getObjectManager (5 bytes)
Event: 26.497 Thread 0x00000200f1ba8ea0 nmethod 4142 0x0000020087c92e90 code [0x0000020087c93020, 0x0000020087c930e8]
Event: 26.499 Thread 0x00000200f1ba8ea0 4143       3       java.lang.invoke.LambdaForm$MH/0x0000020090014c00::invoke (35 bytes)
Event: 26.500 Thread 0x00000200f1ba8ea0 nmethod 4143 0x000002008087d210 code [0x000002008087d400, 0x000002008087dad0]
Event: 26.500 Thread 0x00000200f1ba8ea0 4144       3       java.lang.Class::privateGetDeclaredConstructors (79 bytes)
Event: 26.500 Thread 0x00000200f1ba8ea0 nmethod 4144 0x000002008087dc90 code [0x000002008087de80, 0x000002008087e2f8]
Event: 26.500 Thread 0x00000200f1ba8ea0 4145       1       java.lang.ClassLoader::getName (5 bytes)
Event: 26.500 Thread 0x00000200f1ba8ea0 nmethod 4145 0x0000020087c93190 code [0x0000020087c93320, 0x0000020087c933e8]
Event: 26.504 Thread 0x00000200f1ba8ea0 4146       3       java.nio.HeapByteBuffer::getShort (29 bytes)
Event: 26.505 Thread 0x00000200f1ba8ea0 nmethod 4146 0x000002008087e490 code [0x000002008087e700, 0x000002008087f0f0]
Event: 26.509 Thread 0x00000200f1ba8ea0 4147       1       java.lang.StackTraceElement::getClassName (5 bytes)
Event: 26.509 Thread 0x00000200f1ba8ea0 nmethod 4147 0x0000020087c93490 code [0x0000020087c93620, 0x0000020087c936e8]
Event: 26.509 Thread 0x00000200f1ba8ea0 4148       1       jdk.internal.loader.AbstractClassLoaderValue$Sub::parent (5 bytes)
Event: 26.509 Thread 0x00000200f1ba8ea0 nmethod 4148 0x0000020087c93790 code [0x0000020087c93920, 0x0000020087c939e8]
Event: 26.529 Thread 0x00000200f1ba8ea0 4149       3       jdk.internal.org.objectweb.asm.SymbolTable::addConstantUtf8 (98 bytes)
Event: 26.529 Thread 0x00000200f1ba8ea0 nmethod 4149 0x000002008087f510 code [0x000002008087f740, 0x000002008087fd20]

GC Heap History (20 events):
Event: 7.570 GC heap before
{Heap before GC invocations=2 (full 0):
 PSYoungGen      total 29696K, used 28903K [0x00000000d5580000, 0x00000000d7680000, 0x0000000100000000)
  eden space 25600K, 100% used [0x00000000d5580000,0x00000000d6e80000,0x00000000d6e80000)
  from space 4096K, 80% used [0x00000000d6e80000,0x00000000d71b9c68,0x00000000d7280000)
  to   space 4096K, 0% used [0x00000000d7280000,0x00000000d7280000,0x00000000d7680000)
 ParOldGen       total 68608K, used 0K [0x0000000080000000, 0x0000000084300000, 0x00000000d5580000)
  object space 68608K, 0% used [0x0000000080000000,0x0000000080000000,0x0000000084300000)
 Metaspace       used 7967K, committed 8256K, reserved 1114112K
  class space    used 805K, committed 960K, reserved 1048576K
}
Event: 7.579 GC heap after
{Heap after GC invocations=2 (full 0):
 PSYoungGen      total 29696K, used 4092K [0x00000000d5580000, 0x00000000d7680000, 0x0000000100000000)
  eden space 25600K, 0% used [0x00000000d5580000,0x00000000d5580000,0x00000000d6e80000)
  from space 4096K, 99% used [0x00000000d7280000,0x00000000d767f320,0x00000000d7680000)
  to   space 4096K, 0% used [0x00000000d6e80000,0x00000000d6e80000,0x00000000d7280000)
 ParOldGen       total 68608K, used 1656K [0x0000000080000000, 0x0000000084300000, 0x00000000d5580000)
  object space 68608K, 2% used [0x0000000080000000,0x000000008019e168,0x0000000084300000)
 Metaspace       used 7967K, committed 8256K, reserved 1114112K
  class space    used 805K, committed 960K, reserved 1048576K
}
Event: 13.591 GC heap before
{Heap before GC invocations=3 (full 0):
 PSYoungGen      total 29696K, used 29692K [0x00000000d5580000, 0x00000000d7680000, 0x0000000100000000)
  eden space 25600K, 100% used [0x00000000d5580000,0x00000000d6e80000,0x00000000d6e80000)
  from space 4096K, 99% used [0x00000000d7280000,0x00000000d767f320,0x00000000d7680000)
  to   space 4096K, 0% used [0x00000000d6e80000,0x00000000d6e80000,0x00000000d7280000)
 ParOldGen       total 68608K, used 1656K [0x0000000080000000, 0x0000000084300000, 0x00000000d5580000)
  object space 68608K, 2% used [0x0000000080000000,0x000000008019e168,0x0000000084300000)
 Metaspace       used 9347K, committed 9728K, reserved 1114112K
  class space    used 971K, committed 1152K, reserved 1048576K
}
Event: 13.600 GC heap after
{Heap after GC invocations=3 (full 0):
 PSYoungGen      total 29696K, used 4090K [0x00000000d5580000, 0x00000000d7680000, 0x0000000100000000)
  eden space 25600K, 0% used [0x00000000d5580000,0x00000000d5580000,0x00000000d6e80000)
  from space 4096K, 99% used [0x00000000d6e80000,0x00000000d727eac8,0x00000000d7280000)
  to   space 4096K, 0% used [0x00000000d7280000,0x00000000d7280000,0x00000000d7680000)
 ParOldGen       total 68608K, used 4991K [0x0000000080000000, 0x0000000084300000, 0x00000000d5580000)
  object space 68608K, 7% used [0x0000000080000000,0x00000000804dfdc8,0x0000000084300000)
 Metaspace       used 9347K, committed 9728K, reserved 1114112K
  class space    used 971K, committed 1152K, reserved 1048576K
}
Event: 20.659 GC heap before
{Heap before GC invocations=4 (full 0):
 PSYoungGen      total 29696K, used 29690K [0x00000000d5580000, 0x00000000d7680000, 0x0000000100000000)
  eden space 25600K, 100% used [0x00000000d5580000,0x00000000d6e80000,0x00000000d6e80000)
  from space 4096K, 99% used [0x00000000d6e80000,0x00000000d727eac8,0x00000000d7280000)
  to   space 4096K, 0% used [0x00000000d7280000,0x00000000d7280000,0x00000000d7680000)
 ParOldGen       total 68608K, used 4991K [0x0000000080000000, 0x0000000084300000, 0x00000000d5580000)
  object space 68608K, 7% used [0x0000000080000000,0x00000000804dfdc8,0x0000000084300000)
 Metaspace       used 12152K, committed 12544K, reserved 1114112K
  class space    used 1257K, committed 1472K, reserved 1048576K
}
Event: 20.666 GC heap after
{Heap after GC invocations=4 (full 0):
 PSYoungGen      total 29696K, used 4083K [0x00000000d5580000, 0x00000000d7680000, 0x0000000100000000)
  eden space 25600K, 0% used [0x00000000d5580000,0x00000000d5580000,0x00000000d6e80000)
  from space 4096K, 99% used [0x00000000d7280000,0x00000000d767cef0,0x00000000d7680000)
  to   space 4096K, 0% used [0x00000000d6e80000,0x00000000d6e80000,0x00000000d7280000)
 ParOldGen       total 68608K, used 6761K [0x0000000080000000, 0x0000000084300000, 0x00000000d5580000)
  object space 68608K, 9% used [0x0000000080000000,0x000000008069a450,0x0000000084300000)
 Metaspace       used 12152K, committed 12544K, reserved 1114112K
  class space    used 1257K, committed 1472K, reserved 1048576K
}
Event: 21.807 GC heap before
{Heap before GC invocations=5 (full 0):
 PSYoungGen      total 29696K, used 29683K [0x00000000d5580000, 0x00000000d7680000, 0x0000000100000000)
  eden space 25600K, 100% used [0x00000000d5580000,0x00000000d6e80000,0x00000000d6e80000)
  from space 4096K, 99% used [0x00000000d7280000,0x00000000d767cef0,0x00000000d7680000)
  to   space 4096K, 0% used [0x00000000d6e80000,0x00000000d6e80000,0x00000000d7280000)
 ParOldGen       total 68608K, used 6761K [0x0000000080000000, 0x0000000084300000, 0x00000000d5580000)
  object space 68608K, 9% used [0x0000000080000000,0x000000008069a450,0x0000000084300000)
 Metaspace       used 15492K, committed 16064K, reserved 1114112K
  class space    used 1552K, committed 1792K, reserved 1048576K
}
Event: 21.816 GC heap after
{Heap after GC invocations=5 (full 0):
 PSYoungGen      total 29184K, used 4065K [0x00000000d5580000, 0x00000000d7900000, 0x0000000100000000)
  eden space 25088K, 0% used [0x00000000d5580000,0x00000000d5580000,0x00000000d6e00000)
  from space 4096K, 99% used [0x00000000d6e80000,0x00000000d7278788,0x00000000d7280000)
  to   space 5632K, 0% used [0x00000000d7380000,0x00000000d7380000,0x00000000d7900000)
 ParOldGen       total 68608K, used 7880K [0x0000000080000000, 0x0000000084300000, 0x00000000d5580000)
  object space 68608K, 11% used [0x0000000080000000,0x00000000807b2080,0x0000000084300000)
 Metaspace       used 15492K, committed 16064K, reserved 1114112K
  class space    used 1552K, committed 1792K, reserved 1048576K
}
Event: 23.878 GC heap before
{Heap before GC invocations=6 (full 0):
 PSYoungGen      total 29184K, used 29153K [0x00000000d5580000, 0x00000000d7900000, 0x0000000100000000)
  eden space 25088K, 100% used [0x00000000d5580000,0x00000000d6e00000,0x00000000d6e00000)
  from space 4096K, 99% used [0x00000000d6e80000,0x00000000d7278788,0x00000000d7280000)
  to   space 5632K, 0% used [0x00000000d7380000,0x00000000d7380000,0x00000000d7900000)
 ParOldGen       total 68608K, used 7880K [0x0000000080000000, 0x0000000084300000, 0x00000000d5580000)
  object space 68608K, 11% used [0x0000000080000000,0x00000000807b2080,0x0000000084300000)
 Metaspace       used 18613K, committed 19392K, reserved 1114112K
  class space    used 1896K, committed 2240K, reserved 1048576K
}
Event: 23.888 GC heap after
{Heap after GC invocations=6 (full 0):
 PSYoungGen      total 29696K, used 4805K [0x00000000d5580000, 0x00000000d7880000, 0x0000000100000000)
  eden space 24576K, 0% used [0x00000000d5580000,0x00000000d5580000,0x00000000d6d80000)
  from space 5120K, 93% used [0x00000000d7380000,0x00000000d78316a0,0x00000000d7880000)
  to   space 5120K, 0% used [0x00000000d6e80000,0x00000000d6e80000,0x00000000d7380000)
 ParOldGen       total 68608K, used 7888K [0x0000000080000000, 0x0000000084300000, 0x00000000d5580000)
  object space 68608K, 11% used [0x0000000080000000,0x00000000807b4080,0x0000000084300000)
 Metaspace       used 18613K, committed 19392K, reserved 1114112K
  class space    used 1896K, committed 2240K, reserved 1048576K
}
Event: 24.380 GC heap before
{Heap before GC invocations=7 (full 0):
 PSYoungGen      total 29696K, used 24243K [0x00000000d5580000, 0x00000000d7880000, 0x0000000100000000)
  eden space 24576K, 79% used [0x00000000d5580000,0x00000000d687b590,0x00000000d6d80000)
  from space 5120K, 93% used [0x00000000d7380000,0x00000000d78316a0,0x00000000d7880000)
  to   space 5120K, 0% used [0x00000000d6e80000,0x00000000d6e80000,0x00000000d7380000)
 ParOldGen       total 68608K, used 7888K [0x0000000080000000, 0x0000000084300000, 0x00000000d5580000)
  object space 68608K, 11% used [0x0000000080000000,0x00000000807b4080,0x0000000084300000)
 Metaspace       used 20681K, committed 21504K, reserved 1114112K
  class space    used 2122K, committed 2496K, reserved 1048576K
}
Event: 24.393 GC heap after
{Heap after GC invocations=7 (full 0):
 PSYoungGen      total 28672K, used 4076K [0x00000000d5580000, 0x00000000d7680000, 0x0000000100000000)
  eden space 24576K, 0% used [0x00000000d5580000,0x00000000d5580000,0x00000000d6d80000)
  from space 4096K, 99% used [0x00000000d6e80000,0x00000000d727b248,0x00000000d7280000)
  to   space 4096K, 0% used [0x00000000d7280000,0x00000000d7280000,0x00000000d7680000)
 ParOldGen       total 68608K, used 9289K [0x0000000080000000, 0x0000000084300000, 0x00000000d5580000)
  object space 68608K, 13% used [0x0000000080000000,0x00000000809126e0,0x0000000084300000)
 Metaspace       used 20681K, committed 21504K, reserved 1114112K
  class space    used 2122K, committed 2496K, reserved 1048576K
}
Event: 24.393 GC heap before
{Heap before GC invocations=8 (full 1):
 PSYoungGen      total 28672K, used 4076K [0x00000000d5580000, 0x00000000d7680000, 0x0000000100000000)
  eden space 24576K, 0% used [0x00000000d5580000,0x00000000d5580000,0x00000000d6d80000)
  from space 4096K, 99% used [0x00000000d6e80000,0x00000000d727b248,0x00000000d7280000)
  to   space 4096K, 0% used [0x00000000d7280000,0x00000000d7280000,0x00000000d7680000)
 ParOldGen       total 68608K, used 9289K [0x0000000080000000, 0x0000000084300000, 0x00000000d5580000)
  object space 68608K, 13% used [0x0000000080000000,0x00000000809126e0,0x0000000084300000)
 Metaspace       used 20681K, committed 21504K, reserved 1114112K
  class space    used 2122K, committed 2496K, reserved 1048576K
}
Event: 24.467 GC heap after
{Heap after GC invocations=8 (full 1):
 PSYoungGen      total 28672K, used 0K [0x00000000d5580000, 0x00000000d7680000, 0x0000000100000000)
  eden space 24576K, 0% used [0x00000000d5580000,0x00000000d5580000,0x00000000d6d80000)
  from space 4096K, 0% used [0x00000000d6e80000,0x00000000d6e80000,0x00000000d7280000)
  to   space 4096K, 0% used [0x00000000d7280000,0x00000000d7280000,0x00000000d7680000)
 ParOldGen       total 68608K, used 12640K [0x0000000080000000, 0x0000000084300000, 0x00000000d5580000)
  object space 68608K, 18% used [0x0000000080000000,0x0000000080c58000,0x0000000084300000)
 Metaspace       used 20668K, committed 21504K, reserved 1114112K
  class space    used 2119K, committed 2496K, reserved 1048576K
}
Event: 25.472 GC heap before
{Heap before GC invocations=9 (full 1):
 PSYoungGen      total 28672K, used 24576K [0x00000000d5580000, 0x00000000d7680000, 0x0000000100000000)
  eden space 24576K, 100% used [0x00000000d5580000,0x00000000d6d80000,0x00000000d6d80000)
  from space 4096K, 0% used [0x00000000d6e80000,0x00000000d6e80000,0x00000000d7280000)
  to   space 4096K, 0% used [0x00000000d7280000,0x00000000d7280000,0x00000000d7680000)
 ParOldGen       total 68608K, used 12640K [0x0000000080000000, 0x0000000084300000, 0x00000000d5580000)
  object space 68608K, 18% used [0x0000000080000000,0x0000000080c58000,0x0000000084300000)
 Metaspace       used 23238K, committed 24192K, reserved 1114112K
  class space    used 2298K, committed 2688K, reserved 1048576K
}
Event: 25.474 GC heap after
{Heap after GC invocations=9 (full 1):
 PSYoungGen      total 25088K, used 803K [0x00000000d5580000, 0x00000000d7380000, 0x0000000100000000)
  eden space 24064K, 0% used [0x00000000d5580000,0x00000000d5580000,0x00000000d6d00000)
  from space 1024K, 78% used [0x00000000d7280000,0x00000000d7348e80,0x00000000d7380000)
  to   space 2560K, 0% used [0x00000000d6e80000,0x00000000d6e80000,0x00000000d7100000)
 ParOldGen       total 68608K, used 12648K [0x0000000080000000, 0x0000000084300000, 0x00000000d5580000)
  object space 68608K, 18% used [0x0000000080000000,0x0000000080c5a000,0x0000000084300000)
 Metaspace       used 23238K, committed 24192K, reserved 1114112K
  class space    used 2298K, committed 2688K, reserved 1048576K
}
Event: 26.107 GC heap before
{Heap before GC invocations=10 (full 1):
 PSYoungGen      total 25088K, used 24867K [0x00000000d5580000, 0x00000000d7380000, 0x0000000100000000)
  eden space 24064K, 100% used [0x00000000d5580000,0x00000000d6d00000,0x00000000d6d00000)
  from space 1024K, 78% used [0x00000000d7280000,0x00000000d7348e80,0x00000000d7380000)
  to   space 2560K, 0% used [0x00000000d6e80000,0x00000000d6e80000,0x00000000d7100000)
 ParOldGen       total 68608K, used 12648K [0x0000000080000000, 0x0000000084300000, 0x00000000d5580000)
  object space 68608K, 18% used [0x0000000080000000,0x0000000080c5a000,0x0000000084300000)
 Metaspace       used 26913K, committed 27840K, reserved 1114112K
  class space    used 2659K, committed 3008K, reserved 1048576K
}
Event: 26.109 GC heap after
{Heap after GC invocations=10 (full 1):
 PSYoungGen      total 26112K, used 1035K [0x00000000d5580000, 0x00000000d7300000, 0x0000000100000000)
  eden space 23552K, 0% used [0x00000000d5580000,0x00000000d5580000,0x00000000d6c80000)
  from space 2560K, 40% used [0x00000000d6e80000,0x00000000d6f82c68,0x00000000d7100000)
  to   space 1536K, 0% used [0x00000000d7180000,0x00000000d7180000,0x00000000d7300000)
 ParOldGen       total 68608K, used 12656K [0x0000000080000000, 0x0000000084300000, 0x00000000d5580000)
  object space 68608K, 18% used [0x0000000080000000,0x0000000080c5c000,0x0000000084300000)
 Metaspace       used 26913K, committed 27840K, reserved 1114112K
  class space    used 2659K, committed 3008K, reserved 1048576K
}
Event: 26.485 GC heap before
{Heap before GC invocations=11 (full 1):
 PSYoungGen      total 26112K, used 24581K [0x00000000d5580000, 0x00000000d7300000, 0x0000000100000000)
  eden space 23552K, 99% used [0x00000000d5580000,0x00000000d6c7eb68,0x00000000d6c80000)
  from space 2560K, 40% used [0x00000000d6e80000,0x00000000d6f82c68,0x00000000d7100000)
  to   space 1536K, 0% used [0x00000000d7180000,0x00000000d7180000,0x00000000d7300000)
 ParOldGen       total 68608K, used 12656K [0x0000000080000000, 0x0000000084300000, 0x00000000d5580000)
  object space 68608K, 18% used [0x0000000080000000,0x0000000080c5c000,0x0000000084300000)
 Metaspace       used 28978K, committed 29952K, reserved 1114112K
  class space    used 2876K, committed 3264K, reserved 1048576K
}
Event: 26.489 GC heap after
{Heap after GC invocations=11 (full 1):
 PSYoungGen      total 24576K, used 1531K [0x00000000d5580000, 0x00000000d7300000, 0x0000000100000000)
  eden space 23040K, 0% used [0x00000000d5580000,0x00000000d5580000,0x00000000d6c00000)
  from space 1536K, 99% used [0x00000000d7180000,0x00000000d72feda0,0x00000000d7300000)
  to   space 3584K, 0% used [0x00000000d6c00000,0x00000000d6c00000,0x00000000d6f80000)
 ParOldGen       total 68608K, used 14067K [0x0000000080000000, 0x0000000084300000, 0x00000000d5580000)
  object space 68608K, 20% used [0x0000000080000000,0x0000000080dbcef8,0x0000000084300000)
 Metaspace       used 28978K, committed 29952K, reserved 1114112K
  class space    used 2876K, committed 3264K, reserved 1048576K
}

Dll operation events (10 events):
Event: 0.012 Loaded shared library c:\Users\pc\.cursor\extensions\redhat.java-1.43.1-win32-x64\jre\21.0.7-win32-x86_64\bin\java.dll
Event: 0.660 Loaded shared library c:\Users\pc\.cursor\extensions\redhat.java-1.43.1-win32-x64\jre\21.0.7-win32-x86_64\bin\zip.dll
Event: 0.733 Loaded shared library C:\Users\pc\.cursor\extensions\redhat.java-1.43.1-win32-x64\jre\21.0.7-win32-x86_64\bin\instrument.dll
Event: 0.770 Loaded shared library C:\Users\pc\.cursor\extensions\redhat.java-1.43.1-win32-x64\jre\21.0.7-win32-x86_64\bin\net.dll
Event: 0.775 Loaded shared library C:\Users\pc\.cursor\extensions\redhat.java-1.43.1-win32-x64\jre\21.0.7-win32-x86_64\bin\nio.dll
Event: 0.781 Loaded shared library C:\Users\pc\.cursor\extensions\redhat.java-1.43.1-win32-x64\jre\21.0.7-win32-x86_64\bin\zip.dll
Event: 0.918 Loaded shared library C:\Users\pc\.cursor\extensions\redhat.java-1.43.1-win32-x64\jre\21.0.7-win32-x86_64\bin\jimage.dll
Event: 1.448 Loaded shared library c:\Users\pc\.cursor\extensions\redhat.java-1.43.1-win32-x64\jre\21.0.7-win32-x86_64\bin\verify.dll
Event: 7.696 Loaded shared library C:\Users\pc\AppData\Roaming\Cursor\User\globalStorage\redhat.java\1.43.1\config_win\org.eclipse.equinox.launcher\org.eclipse.equinox.launcher.win32.win32.x86_64_1.2.1300.v20250331-1702\eclipse_11911.dll
Event: 23.126 Loaded shared library C:\Users\pc\AppData\Local\Temp\jna-3571\jna1886232016657706753.dll

Deoptimization events (20 events):
Event: 25.513 Thread 0x00000200fac0afd0 Uncommon trap: trap_request=0xffffffde fr.pc=0x0000020087c7f84c relative=0x000000000000010c
Event: 25.513 Thread 0x00000200fac0afd0 Uncommon trap: reason=class_check action=maybe_recompile pc=0x0000020087c7f84c method=java.lang.Character.codePointAt(Ljava/lang/CharSequence;I)I @ 2 c2
Event: 25.513 Thread 0x00000200fac0afd0 DEOPT PACKING pc=0x0000020087c7f84c sp=0x00000085176fe7a0
Event: 25.513 Thread 0x00000200fac0afd0 DEOPT UNPACKING pc=0x0000020087583aa2 sp=0x00000085176fe728 mode 2
Event: 25.513 Thread 0x00000200fac0afd0 Uncommon trap: trap_request=0xffffffde fr.pc=0x0000020087c7f84c relative=0x000000000000010c
Event: 25.513 Thread 0x00000200fac0afd0 Uncommon trap: reason=class_check action=maybe_recompile pc=0x0000020087c7f84c method=java.lang.Character.codePointAt(Ljava/lang/CharSequence;I)I @ 2 c2
Event: 25.513 Thread 0x00000200fac0afd0 DEOPT PACKING pc=0x0000020087c7f84c sp=0x00000085176fe7a0
Event: 25.513 Thread 0x00000200fac0afd0 DEOPT UNPACKING pc=0x0000020087583aa2 sp=0x00000085176fe728 mode 2
Event: 25.515 Thread 0x00000200fac0afd0 Uncommon trap: trap_request=0xffffff76 fr.pc=0x0000020087c6179c relative=0x000000000000039c
Event: 25.515 Thread 0x00000200fac0afd0 Uncommon trap: reason=predicate action=maybe_recompile pc=0x0000020087c6179c method=java.util.regex.Pattern$BmpCharPropertyGreedy.match(Ljava/util/regex/Matcher;ILjava/lang/CharSequence;)Z @ 12 c2
Event: 25.515 Thread 0x00000200fac0afd0 DEOPT PACKING pc=0x0000020087c6179c sp=0x00000085176fe6e0
Event: 25.515 Thread 0x00000200fac0afd0 DEOPT UNPACKING pc=0x0000020087583aa2 sp=0x00000085176fe688 mode 2
Event: 26.430 Thread 0x00000200fac0afd0 Uncommon trap: trap_request=0xffffff45 fr.pc=0x0000020087b796a4 relative=0x00000000000008e4
Event: 26.430 Thread 0x00000200fac0afd0 Uncommon trap: reason=unstable_if action=reinterpret pc=0x0000020087b796a4 method=jdk.internal.org.objectweb.asm.SymbolTable.put(Ljdk/internal/org/objectweb/asm/SymbolTable$Entry;)Ljdk/internal/org/objectweb/asm/SymbolTable$Entry; @ 13 c2
Event: 26.430 Thread 0x00000200fac0afd0 DEOPT PACKING pc=0x0000020087b796a4 sp=0x00000085176fd670
Event: 26.430 Thread 0x00000200fac0afd0 DEOPT UNPACKING pc=0x0000020087583aa2 sp=0x00000085176fd588 mode 2
Event: 26.513 Thread 0x00000200fac0afd0 Uncommon trap: trap_request=0xffffffc6 fr.pc=0x0000020087c15eac relative=0x00000000000010ac
Event: 26.513 Thread 0x00000200fac0afd0 Uncommon trap: reason=bimorphic_or_optimized_type_check action=maybe_recompile pc=0x0000020087c15eac method=java.util.Properties$LineReader.readLine()I @ 479 c2
Event: 26.513 Thread 0x00000200fac0afd0 DEOPT PACKING pc=0x0000020087c15eac sp=0x00000085176fd690
Event: 26.513 Thread 0x00000200fac0afd0 DEOPT UNPACKING pc=0x0000020087583aa2 sp=0x00000085176fd620 mode 2

Classes loaded (20 events):
Event: 26.077 Loading class sun/reflect/annotation/TypeAnnotation$TypeAnnotationTarget
Event: 26.077 Loading class sun/reflect/annotation/TypeAnnotation$TypeAnnotationTarget done
Event: 26.078 Loading class sun/reflect/annotation/TypeAnnotation$LocationInfo
Event: 26.079 Loading class sun/reflect/annotation/TypeAnnotation$LocationInfo done
Event: 26.079 Loading class sun/reflect/annotation/TypeAnnotation$LocationInfo$Location
Event: 26.080 Loading class sun/reflect/annotation/TypeAnnotation$LocationInfo$Location done
Event: 26.080 Loading class sun/reflect/annotation/AnnotatedTypeFactory
Event: 26.080 Loading class sun/reflect/annotation/AnnotatedTypeFactory done
Event: 26.085 Loading class sun/reflect/annotation/AnnotatedTypeFactory$AnnotatedTypeBaseImpl
Event: 26.089 Loading class sun/reflect/annotation/AnnotatedTypeFactory$AnnotatedTypeBaseImpl done
Event: 26.282 Loading class java/lang/annotation/ElementType
Event: 26.282 Loading class java/lang/annotation/ElementType done
Event: 26.323 Loading class java/lang/reflect/ParameterizedType
Event: 26.323 Loading class java/lang/reflect/ParameterizedType done
Event: 26.357 Loading class java/lang/reflect/WildcardType
Event: 26.357 Loading class java/lang/reflect/WildcardType done
Event: 26.394 Loading class sun/reflect/generics/tree/TypeVariableSignature
Event: 26.395 Loading class sun/reflect/generics/tree/TypeVariableSignature done
Event: 26.413 Loading class java/lang/Deprecated
Event: 26.414 Loading class java/lang/Deprecated done

Classes unloaded (7 events):
Event: 24.407 Thread 0x00000200f1d00700 Unloading class 0x00000200901a0800 'java/lang/invoke/LambdaForm$MH+0x00000200901a0800'
Event: 24.407 Thread 0x00000200f1d00700 Unloading class 0x00000200901a0400 'java/lang/invoke/LambdaForm$MH+0x00000200901a0400'
Event: 24.407 Thread 0x00000200f1d00700 Unloading class 0x00000200901a0000 'java/lang/invoke/LambdaForm$MH+0x00000200901a0000'
Event: 24.407 Thread 0x00000200f1d00700 Unloading class 0x000002009019fc00 'java/lang/invoke/LambdaForm$MH+0x000002009019fc00'
Event: 24.407 Thread 0x00000200f1d00700 Unloading class 0x000002009019f800 'java/lang/invoke/LambdaForm$BMH+0x000002009019f800'
Event: 24.407 Thread 0x00000200f1d00700 Unloading class 0x000002009019f400 'java/lang/invoke/LambdaForm$DMH+0x000002009019f400'
Event: 24.407 Thread 0x00000200f1d00700 Unloading class 0x000002009019e000 'java/lang/invoke/LambdaForm$DMH+0x000002009019e000'

Classes redefined (0 events):
No events

Internal exceptions (20 events):
Event: 24.597 Thread 0x00000200fa76b630 Exception <a 'java/lang/NoSuchMethodError'{0x00000000d57de3e0}: 'double java.lang.invoke.DirectMethodHandle$Holder.invokeStatic(java.lang.Object, java.lang.Object)'> (0x00000000d57de3e0) 
thrown [s\src\hotspot\share\interpreter\linkResolver.cpp, line 773]
Event: 24.597 Thread 0x00000200fa76b630 Exception <a 'java/lang/NoSuchMethodError'{0x00000000d57e1a70}: 'double java.lang.invoke.DirectMethodHandle$Holder.invokeStaticInit(java.lang.Object, java.lang.Object)'> (0x00000000d57e1a70) 
thrown [s\src\hotspot\share\interpreter\linkResolver.cpp, line 773]
Event: 25.148 Thread 0x00000200fa76b630 Exception <a 'java/io/FileNotFoundException'{0x00000000d68a0648}> (0x00000000d68a0648) 
thrown [s\src\hotspot\share\prims\jni.cpp, line 520]
Event: 25.148 Thread 0x00000200fa76b630 Exception <a 'java/io/FileNotFoundException'{0x00000000d68a1450}> (0x00000000d68a1450) 
thrown [s\src\hotspot\share\prims\jni.cpp, line 520]
Event: 25.148 Thread 0x00000200fa76b630 Exception <a 'java/io/FileNotFoundException'{0x00000000d68a2358}> (0x00000000d68a2358) 
thrown [s\src\hotspot\share\prims\jni.cpp, line 520]
Event: 25.395 Thread 0x00000200fac0afd0 Exception <a 'java/lang/NoSuchMethodError'{0x00000000d6c18950}: 'java.lang.Object java.lang.invoke.DirectMethodHandle$Holder.invokeStaticInit(java.lang.Object, java.lang.Object, java.lang.Object, java.lang.Object, java.lang.Object, java.lang.Object, java.lang.Object)'> (0x00000000d6c18950) 
thrown [s\src\hotspot\share\interpreter\linkResolver.cpp, line 773]
Event: 25.396 Thread 0x00000200fac0afd0 Exception <a 'java/lang/NoSuchMethodError'{0x00000000d6c1d128}: 'java.lang.Object java.lang.invoke.Invokers$Holder.invoke_MT(java.lang.Object, java.lang.Object, java.lang.Object, java.lang.Object, java.lang.Object, java.lang.Object, java.lang.Object, java.lang.Object, java.lang.Object)'> (0x00000000d6c1d128) 
thrown [s\src\hotspot\share\interpreter\linkResolver.cpp, line 773]
Event: 25.406 Thread 0x00000200fac0afd0 Exception <a 'java/lang/NoSuchMethodError'{0x00000000d6cc0a98}: 'int java.lang.invoke.DirectMethodHandle$Holder.invokeVirtual(java.lang.Object, java.lang.Object, java.lang.Object)'> (0x00000000d6cc0a98) 
thrown [s\src\hotspot\share\interpreter\linkResolver.cpp, line 773]
Event: 25.407 Thread 0x00000200fac0afd0 Exception <a 'java/lang/NoSuchMethodError'{0x00000000d6cc4760}: 'int java.lang.invoke.DirectMethodHandle$Holder.invokeStaticInit(java.lang.Object, int, int)'> (0x00000000d6cc4760) 
thrown [s\src\hotspot\share\interpreter\linkResolver.cpp, line 773]
Event: 25.411 Thread 0x00000200fac0afd0 Exception <a 'java/lang/NoSuchMethodError'{0x00000000d6ccba80}: 'int java.lang.invoke.DirectMethodHandle$Holder.invokeStaticInit(java.lang.Object, long, long)'> (0x00000000d6ccba80) 
thrown [s\src\hotspot\share\interpreter\linkResolver.cpp, line 773]
Event: 25.413 Thread 0x00000200fac0afd0 Exception <a 'java/lang/NoSuchMethodError'{0x00000000d6cdf980}: 'int java.lang.invoke.DirectMethodHandle$Holder.invokeStaticInit(java.lang.Object, float, float)'> (0x00000000d6cdf980) 
thrown [s\src\hotspot\share\interpreter\linkResolver.cpp, line 773]
Event: 25.414 Thread 0x00000200fac0afd0 Exception <a 'java/lang/NoSuchMethodError'{0x00000000d6ce62a8}: 'int java.lang.invoke.DirectMethodHandle$Holder.invokeStaticInit(java.lang.Object, double, double)'> (0x00000000d6ce62a8) 
thrown [s\src\hotspot\share\interpreter\linkResolver.cpp, line 773]
Event: 25.415 Thread 0x00000200fac0afd0 Exception <a 'java/lang/NoSuchMethodError'{0x00000000d6cea428}: 'int java.lang.invoke.DirectMethodHandle$Holder.invokeStatic(java.lang.Object, long)'> (0x00000000d6cea428) 
thrown [s\src\hotspot\share\interpreter\linkResolver.cpp, line 773]
Event: 25.422 Thread 0x00000200fac0afd0 Exception <a 'java/lang/NoSuchMethodError'{0x00000000d6d343a0}: 'int java.lang.invoke.Invokers$Holder.linkToTargetMethod(java.lang.Object, java.lang.Object)'> (0x00000000d6d343a0) 
thrown [s\src\hotspot\share\interpreter\linkResolver.cpp, line 773]
Event: 25.426 Thread 0x00000200fac0c380 Exception <a 'java/lang/NoSuchMethodError'{0x00000000d6d5ffc8}: 'int java.lang.invoke.DirectMethodHandle$Holder.invokeSpecial(java.lang.Object, java.lang.Object, java.lang.Object, java.lang.Object)'> (0x00000000d6d5ffc8) 
thrown [s\src\hotspot\share\interpreter\linkResolver.cpp, line 773]
Event: 25.476 Thread 0x00000200fac0c380 Exception <a 'java/lang/NoSuchMethodError'{0x00000000d5581110}: 'java.lang.Object java.lang.invoke.DirectMethodHandle$Holder.invokeStatic(java.lang.Object, int, java.lang.Object, java.lang.Object)'> (0x00000000d5581110) 
thrown [s\src\hotspot\share\interpreter\linkResolver.cpp, line 773]
Event: 25.477 Thread 0x00000200fac0c380 Exception <a 'java/lang/NoSuchMethodError'{0x00000000d55848f0}: 'java.lang.Object java.lang.invoke.DelegatingMethodHandle$Holder.delegate(java.lang.Object, int, java.lang.Object, java.lang.Object)'> (0x00000000d55848f0) 
thrown [s\src\hotspot\share\interpreter\linkResolver.cpp, line 773]
Event: 25.493 Thread 0x00000200fac0c380 Exception <a 'java/lang/NoSuchMethodError'{0x00000000d561c538}: 'int java.lang.invoke.Invokers$Holder.linkToTargetMethod(java.lang.Object, java.lang.Object, java.lang.Object)'> (0x00000000d561c538) 
thrown [s\src\hotspot\share\interpreter\linkResolver.cpp, line 773]
Event: 25.599 Thread 0x00000200fac0afd0 Exception <a 'java/lang/NoSuchMethodError'{0x00000000d5a632d8}: 'java.lang.Object java.lang.invoke.DirectMethodHandle$Holder.invokeSpecialIFC(java.lang.Object, java.lang.Object, java.lang.Object, java.lang.Object)'> (0x00000000d5a632d8) 
thrown [s\src\hotspot\share\interpreter\linkResolver.cpp, line 773]
Event: 26.498 Thread 0x00000200fa76b630 Exception <a 'java/io/FileNotFoundException'{0x00000000d5931218}> (0x00000000d5931218) 
thrown [s\src\hotspot\share\prims\jni.cpp, line 520]

ZGC Phase Switch (0 events):
No events

VM Operations (20 events):
Event: 23.639 Executing VM operation: HandshakeAllThreads (Deoptimize)
Event: 23.639 Executing VM operation: HandshakeAllThreads (Deoptimize) done
Event: 23.647 Executing VM operation: HandshakeAllThreads (Deoptimize)
Event: 23.648 Executing VM operation: HandshakeAllThreads (Deoptimize) done
Event: 23.859 Executing VM operation: ICBufferFull
Event: 23.859 Executing VM operation: ICBufferFull done
Event: 23.878 Executing VM operation: ParallelGCFailedAllocation (Allocation Failure)
Event: 23.888 Executing VM operation: ParallelGCFailedAllocation (Allocation Failure) done
Event: 24.379 Executing VM operation: CollectForMetadataAllocation (Metadata GC Threshold)
Event: 24.467 Executing VM operation: CollectForMetadataAllocation (Metadata GC Threshold) done
Event: 25.429 Executing VM operation: ParallelGCFailedAllocation (Allocation Failure)
Event: 25.474 Executing VM operation: ParallelGCFailedAllocation (Allocation Failure) done
Event: 25.489 Executing VM operation: HandshakeAllThreads (Deoptimize)
Event: 25.496 Executing VM operation: HandshakeAllThreads (Deoptimize) done
Event: 26.107 Executing VM operation: ParallelGCFailedAllocation (Allocation Failure)
Event: 26.109 Executing VM operation: ParallelGCFailedAllocation (Allocation Failure) done
Event: 26.485 Executing VM operation: ParallelGCFailedAllocation (Allocation Failure)
Event: 26.489 Executing VM operation: ParallelGCFailedAllocation (Allocation Failure) done
Event: 26.518 Executing VM operation: HandshakeAllThreads (Deoptimize)
Event: 26.524 Executing VM operation: HandshakeAllThreads (Deoptimize) done

Memory protections (0 events):
No events

Nmethod flushes (0 events):
No events

Events (20 events):
Event: 0.205 Thread 0x00000200f1c41e00 Thread added: 0x00000200f1b30590
Event: 0.205 Thread 0x00000200f1c41e00 Thread added: 0x00000200f1b333b0
Event: 0.205 Thread 0x00000200f1c41e00 Thread added: 0x00000200f1b34e10
Event: 0.205 Thread 0x00000200f1c41e00 Thread added: 0x00000200f1b35c40
Event: 0.256 Thread 0x00000200f1c41e00 Thread added: 0x00000200f1ba8ea0
Event: 0.546 Thread 0x00000200f1c41e00 Thread added: 0x00000200f1cacea0
Event: 2.149 Thread 0x00000200f1c41e00 Thread added: 0x00000200fa4a7730
Event: 5.610 Thread 0x00000200f1c41e00 Thread added: 0x00000200fa9ca500
Event: 7.632 Thread 0x00000200f1c41e00 Thread added: 0x00000200fa220e50
Event: 7.798 Thread 0x00000200fa220e50 Thread added: 0x00000200fa774460
Event: 7.810 Thread 0x00000200f1c41e00 Thread added: 0x00000200fa76b630
Event: 13.666 Thread 0x00000200fa76b630 Thread added: 0x00000200ff2475a0
Event: 20.065 Thread 0x00000200fa76b630 Thread added: 0x00000200ff327970
Event: 20.315 Thread 0x00000200fa76b630 Thread added: 0x00000200fa416520
Event: 21.308 Thread 0x00000200fa76b630 Thread added: 0x00000200faa1f3c0
Event: 23.170 Thread 0x00000200fa76b630 Thread added: 0x00000200facbea50
Event: 23.290 Thread 0x00000200fa76b630 Thread added: 0x00000200fac0afd0
Event: 23.340 Thread 0x00000200fa76b630 Thread added: 0x00000200fac0c380
Event: 25.383 Thread 0x00000200fac0afd0 Thread added: 0x00000200fac0b660
Event: 25.640 Thread 0x00000200fac0b660 Thread added: 0x00000200fac0ddc0


Dynamic libraries:
0x00007ff7c21c0000 - 0x00007ff7c21ce000 	c:\Users\pc\.cursor\extensions\redhat.java-1.43.1-win32-x64\jre\21.0.7-win32-x86_64\bin\java.exe
0x00007ffdf2930000 - 0x00007ffdf2b28000 	C:\Windows\SYSTEM32\ntdll.dll
0x00007ffdf1730000 - 0x00007ffdf17f2000 	C:\Windows\System32\KERNEL32.DLL
0x00007ffdf0170000 - 0x00007ffdf0466000 	C:\Windows\System32\KERNELBASE.dll
0x00007ffdf0020000 - 0x00007ffdf0120000 	C:\Windows\System32\ucrtbase.dll
0x00007ffdc8d70000 - 0x00007ffdc8d88000 	c:\Users\pc\.cursor\extensions\redhat.java-1.43.1-win32-x64\jre\21.0.7-win32-x86_64\bin\jli.dll
0x00007ffdf22a0000 - 0x00007ffdf243d000 	C:\Windows\System32\USER32.dll
0x00007ffdeffc0000 - 0x00007ffdeffe2000 	C:\Windows\System32\win32u.dll
0x00007ffdf28c0000 - 0x00007ffdf28eb000 	C:\Windows\System32\GDI32.dll
0x00007ffdf0510000 - 0x00007ffdf0629000 	C:\Windows\System32\gdi32full.dll
0x00007ffdf0470000 - 0x00007ffdf050d000 	C:\Windows\System32\msvcp_win.dll
0x00007ffdc7c90000 - 0x00007ffdc7cae000 	c:\Users\pc\.cursor\extensions\redhat.java-1.43.1-win32-x64\jre\21.0.7-win32-x86_64\bin\VCRUNTIME140.dll
0x00007ffdde6c0000 - 0x00007ffdde95a000 	C:\Windows\WinSxS\amd64_microsoft.windows.common-controls_6595b64144ccf1df_6.0.19041.5915_none_60b4b9d171f9c7c7\COMCTL32.dll
0x00007ffdf1e40000 - 0x00007ffdf1ede000 	C:\Windows\System32\msvcrt.dll
0x00007ffdf2500000 - 0x00007ffdf252f000 	C:\Windows\System32\IMM32.DLL
0x00007ffde61a0000 - 0x00007ffde61ac000 	c:\Users\pc\.cursor\extensions\redhat.java-1.43.1-win32-x64\jre\21.0.7-win32-x86_64\bin\vcruntime140_1.dll
0x00007ffdbf450000 - 0x00007ffdbf4dd000 	c:\Users\pc\.cursor\extensions\redhat.java-1.43.1-win32-x64\jre\21.0.7-win32-x86_64\bin\msvcp140.dll
0x00007ffd67bf0000 - 0x00007ffd68980000 	c:\Users\pc\.cursor\extensions\redhat.java-1.43.1-win32-x64\jre\21.0.7-win32-x86_64\bin\server\jvm.dll
0x00007ffdf2440000 - 0x00007ffdf24f1000 	C:\Windows\System32\ADVAPI32.dll
0x00007ffdf2530000 - 0x00007ffdf25cf000 	C:\Windows\System32\sechost.dll
0x00007ffdf1ee0000 - 0x00007ffdf2003000 	C:\Windows\System32\RPCRT4.dll
0x00007ffdefff0000 - 0x00007ffdf0017000 	C:\Windows\System32\bcrypt.dll
0x00007ffdf1930000 - 0x00007ffdf199b000 	C:\Windows\System32\WS2_32.dll
0x00007ffdef500000 - 0x00007ffdef54b000 	C:\Windows\SYSTEM32\POWRPROF.dll
0x00007ffdde310000 - 0x00007ffdde337000 	C:\Windows\SYSTEM32\WINMM.dll
0x00007ffde61e0000 - 0x00007ffde61ea000 	C:\Windows\SYSTEM32\VERSION.dll
0x00007ffdef3c0000 - 0x00007ffdef3d2000 	C:\Windows\SYSTEM32\UMPDC.dll
0x00007ffdede40000 - 0x00007ffdede52000 	C:\Windows\SYSTEM32\kernel.appcore.dll
0x00007ffdd99a0000 - 0x00007ffdd99aa000 	c:\Users\pc\.cursor\extensions\redhat.java-1.43.1-win32-x64\jre\21.0.7-win32-x86_64\bin\jimage.dll
0x00007ffded0c0000 - 0x00007ffded2c1000 	C:\Windows\SYSTEM32\DBGHELP.DLL
0x00007ffded080000 - 0x00007ffded0b4000 	C:\Windows\SYSTEM32\dbgcore.DLL
0x00007ffdf0630000 - 0x00007ffdf06b2000 	C:\Windows\System32\bcryptPrimitives.dll
0x00007ffdd9980000 - 0x00007ffdd998f000 	c:\Users\pc\.cursor\extensions\redhat.java-1.43.1-win32-x64\jre\21.0.7-win32-x86_64\bin\instrument.dll
0x00007ffdc5420000 - 0x00007ffdc543f000 	c:\Users\pc\.cursor\extensions\redhat.java-1.43.1-win32-x64\jre\21.0.7-win32-x86_64\bin\java.dll
0x00007ffdf0fc0000 - 0x00007ffdf172e000 	C:\Windows\System32\SHELL32.dll
0x00007ffdee040000 - 0x00007ffdee7e4000 	C:\Windows\SYSTEM32\windows.storage.dll
0x00007ffdf1ae0000 - 0x00007ffdf1e33000 	C:\Windows\System32\combase.dll
0x00007ffdef9f0000 - 0x00007ffdefa1b000 	C:\Windows\SYSTEM32\Wldp.dll
0x00007ffdf25d0000 - 0x00007ffdf269d000 	C:\Windows\System32\OLEAUT32.dll
0x00007ffdf19a0000 - 0x00007ffdf1a4d000 	C:\Windows\System32\SHCORE.dll
0x00007ffdf27c0000 - 0x00007ffdf281b000 	C:\Windows\System32\shlwapi.dll
0x00007ffdefef0000 - 0x00007ffdeff15000 	C:\Windows\SYSTEM32\profapi.dll
0x00007ffdc5400000 - 0x00007ffdc5418000 	c:\Users\pc\.cursor\extensions\redhat.java-1.43.1-win32-x64\jre\21.0.7-win32-x86_64\bin\zip.dll
0x00007ffdd5ba0000 - 0x00007ffdd5bb0000 	C:\Users\pc\.cursor\extensions\redhat.java-1.43.1-win32-x64\jre\21.0.7-win32-x86_64\bin\net.dll
0x00007ffde1ba0000 - 0x00007ffde1caa000 	C:\Windows\SYSTEM32\WINHTTP.dll
0x00007ffdef750000 - 0x00007ffdef7ba000 	C:\Windows\system32\mswsock.dll
0x00007ffdc4a40000 - 0x00007ffdc4a56000 	C:\Users\pc\.cursor\extensions\redhat.java-1.43.1-win32-x64\jre\21.0.7-win32-x86_64\bin\nio.dll
0x00007ffdd9880000 - 0x00007ffdd9890000 	c:\Users\pc\.cursor\extensions\redhat.java-1.43.1-win32-x64\jre\21.0.7-win32-x86_64\bin\verify.dll
0x00007ffdd8ca0000 - 0x00007ffdd8ce5000 	C:\Users\pc\AppData\Roaming\Cursor\User\globalStorage\redhat.java\1.43.1\config_win\org.eclipse.equinox.launcher\org.eclipse.equinox.launcher.win32.win32.x86_64_1.2.1300.v20250331-1702\eclipse_11911.dll
0x00007ffdf09c0000 - 0x00007ffdf0aeb000 	C:\Windows\System32\ole32.dll
0x00007ffdef950000 - 0x00007ffdef968000 	C:\Windows\SYSTEM32\CRYPTSP.dll
0x00007ffdef000000 - 0x00007ffdef038000 	C:\Windows\system32\rsaenh.dll
0x00007ffdefeb0000 - 0x00007ffdefede000 	C:\Windows\SYSTEM32\USERENV.dll
0x00007ffdef940000 - 0x00007ffdef94c000 	C:\Windows\SYSTEM32\CRYPTBASE.dll
0x00007ffdef3e0000 - 0x00007ffdef41b000 	C:\Windows\SYSTEM32\IPHLPAPI.DLL
0x00007ffdf18c0000 - 0x00007ffdf18c8000 	C:\Windows\System32\NSI.dll
0x00007ffdd96b0000 - 0x00007ffdd96f9000 	C:\Users\pc\AppData\Local\Temp\jna-3571\jna1886232016657706753.dll
0x00007ffdf18b0000 - 0x00007ffdf18b8000 	C:\Windows\System32\PSAPI.DLL

dbghelp: loaded successfully - version: 4.0.5 - missing functions: none
symbol engine: initialized successfully - sym options: 0x614 - pdb path: .;c:\Users\pc\.cursor\extensions\redhat.java-1.43.1-win32-x64\jre\21.0.7-win32-x86_64\bin;C:\Windows\SYSTEM32;C:\Windows\WinSxS\amd64_microsoft.windows.common-controls_6595b64144ccf1df_6.0.19041.5915_none_60b4b9d171f9c7c7;c:\Users\pc\.cursor\extensions\redhat.java-1.43.1-win32-x64\jre\21.0.7-win32-x86_64\bin\server;C:\Users\pc\AppData\Roaming\Cursor\User\globalStorage\redhat.java\1.43.1\config_win\org.eclipse.equinox.launcher\org.eclipse.equinox.launcher.win32.win32.x86_64_1.2.1300.v20250331-1702;C:\Users\pc\AppData\Local\Temp\jna-3571

VM Arguments:
jvm_args: --add-modules=ALL-SYSTEM --add-opens=java.base/java.util=ALL-UNNAMED --add-opens=java.base/java.lang=ALL-UNNAMED --add-opens=java.base/sun.nio.fs=ALL-UNNAMED -Declipse.application=org.eclipse.jdt.ls.core.id1 -Dosgi.bundles.defaultStartLevel=4 -Declipse.product=org.eclipse.jdt.ls.core.product -Djava.import.generatesMetadataFilesAtProjectRoot=false -DDetectVMInstallationsJob.disabled=true -Dfile.encoding=utf8 -XX:+UseParallelGC -XX:GCTimeRatio=4 -XX:AdaptiveSizePolicyWeight=90 -Dsun.zip.disableMemoryMapping=true -Xmx2G -Xms100m -Xlog:disable -javaagent:c:\Users\pc\.cursor\extensions\redhat.java-1.43.1-win32-x64\lombok\lombok-1.18.39-4050.jar -XX:+HeapDumpOnOutOfMemoryError -XX:HeapDumpPath=c:\Users\pc\AppData\Roaming\Cursor\User\workspaceStorage\17a42e5fca43c5cfd27dfec362e362d2\redhat.java -Daether.dependencyCollector.impl=bf 
java_command: c:\Users\pc\.cursor\extensions\redhat.java-1.43.1-win32-x64\server\plugins\org.eclipse.equinox.launcher_1.7.0.v20250519-0528.jar -configuration c:\Users\pc\AppData\Roaming\Cursor\User\globalStorage\redhat.java\1.43.1\config_win -data c:\Users\pc\AppData\Roaming\Cursor\User\workspaceStorage\17a42e5fca43c5cfd27dfec362e362d2\redhat.java\jdt_ws --pipe=\\.\pipe\lsp-8e840b807d38bf563b6814113148c293-sock
java_class_path (initial): c:\Users\pc\.cursor\extensions\redhat.java-1.43.1-win32-x64\server\plugins\org.eclipse.equinox.launcher_1.7.0.v20250519-0528.jar
Launcher Type: SUN_STANDARD

[Global flags]
    uintx AdaptiveSizePolicyWeight                 = 90                                        {product} {command line}
     intx CICompilerCount                          = 3                                         {product} {ergonomic}
    uintx GCTimeRatio                              = 4                                         {product} {command line}
     bool HeapDumpOnOutOfMemoryError               = true                                   {manageable} {command line}
    ccstr HeapDumpPath                             = c:\Users\pc\AppData\Roaming\Cursor\User\workspaceStorage\17a42e5fca43c5cfd27dfec362e362d2\redhat.java         {manageable} {command line}
   size_t InitialHeapSize                          = 104857600                                 {product} {command line}
   size_t MaxHeapSize                              = 2147483648                                {product} {command line}
   size_t MaxNewSize                               = 715653120                                 {product} {ergonomic}
   size_t MinHeapDeltaBytes                        = 524288                                    {product} {ergonomic}
   size_t MinHeapSize                              = 104857600                                 {product} {command line}
   size_t NewSize                                  = 34603008                                  {product} {ergonomic}
    uintx NonNMethodCodeHeapSize                   = 5832780                                {pd product} {ergonomic}
    uintx NonProfiledCodeHeapSize                  = 122912730                              {pd product} {ergonomic}
   size_t OldSize                                  = 70254592                                  {product} {ergonomic}
    uintx ProfiledCodeHeapSize                     = 122912730                              {pd product} {ergonomic}
    uintx ReservedCodeCacheSize                    = 251658240                              {pd product} {ergonomic}
     bool SegmentedCodeCache                       = true                                      {product} {ergonomic}
   size_t SoftMaxHeapSize                          = 2147483648                             {manageable} {ergonomic}
     bool UseCompressedOops                        = true                           {product lp64_product} {ergonomic}
     bool UseLargePagesIndividualAllocation        = false                                  {pd product} {ergonomic}
     bool UseParallelGC                            = true                                      {product} {command line}

Logging:
Log output configuration:
 #0: stdout all=off uptime,level,tags foldmultilines=false
 #1: stderr all=off uptime,level,tags foldmultilines=false

Environment Variables:
PATH=C:\Users\pc\AppData\Local\Programs\Python\Python313\Scripts\;C:\Users\pc\AppData\Local\Programs\Python\Python313\;C:\Program Files\Common Files\Oracle\Java\javapath;C:\Windows\system32;C:\Windows;C:\Windows\System32\Wbem;C:\Windows\System32\WindowsPowerShell\v1.0\;C:\Windows\System32\OpenSSH\;C:\xampp\php;C:\composer;C:\Users\pc\Downloads\kotlinc\kotlinc\bin;C:\ProgramData\chocolatey\bin;C:\Users\pc\Downloads\flutter\bin;C:\Program Files\Git\cmd;C:\Program Files\nodejs\;C:\Users\pc\AppData\Local\Programs\Python\Launcher\;C:\Users\pc\AppData\Local\Microsoft\WindowsApps;C:\Users\pc\AppData\Local\Programs\Microsoft VS Code\bin;C:\Program Files\JetBrains\PyCharm Community Edition 2024.2.4\bin;;C:\Users\pc\AppData\Roaming\Composer\vendor\bin;C:\Users\pc\AppData\Local\Programs\cursor\resources\app\bin;C:\Users\VotreNomDUtilisateur\AppData\Local\Pub\Cache\bin;C:\Users\pc\AppData\Local\Pub\Cache\bin;C:\Users\pc\AppData\Roaming\npm;C:\Users\pc\AppData\Local\GitHubDesktop\bin
USERNAME=pc
OS=Windows_NT
PROCESSOR_IDENTIFIER=Intel64 Family 6 Model 78 Stepping 3, GenuineIntel
TMP=C:\Users\pc\AppData\Local\Temp
TEMP=C:\Users\pc\AppData\Local\Temp




Periodic native trim disabled

---------------  S Y S T E M  ---------------

OS:
 Windows 10 , 64 bit Build 19041 (10.0.19041.5915)
OS uptime: 1 days 20:04 hours

CPU: total 4 (initial active 4) (2 cores per cpu, 2 threads per core) family 6 model 78 stepping 3 microcode 0xcc, cx8, cmov, fxsr, ht, mmx, 3dnowpref, sse, sse2, sse3, ssse3, sse4.1, sse4.2, popcnt, lzcnt, tsc, tscinvbit, avx, avx2, aes, erms, clmul, bmi1, bmi2, adx, fma, vzeroupper, clflush, clflushopt, rdtscp, f16c
Processor Information for the first 4 processors :
  Max Mhz: 2401, Current Mhz: 2401, Mhz Limit: 2401

Memory: 4k page, system-wide physical 3424M (92M free)
TotalPageFile size 14176M (AvailPageFile size 3M)
current process WorkingSet (physical memory assigned to process): 155M, peak: 158M
current process commit charge ("private bytes"): 283M, peak: 285M

vm_info: OpenJDK 64-Bit Server VM (21.0.7+6-LTS) for windows-amd64 JRE (21.0.7+6-LTS), built on 2025-04-15T00:00:00Z by "admin" with MS VC++ 17.7 (VS2022)

END.
