#
# There is insufficient memory for the Java Runtime Environment to continue.
# Native memory allocation (mmap) failed to map 65536 bytes. Error detail: Failed to commit metaspace.
# Possible reasons:
#   The system is out of physical RAM or swap space
#   This process is running with CompressedOops enabled, and the Java Heap may be blocking the growth of the native heap
# Possible solutions:
#   Reduce memory load on the system
#   Increase physical memory or swap space
#   Check if swap backing store is full
#   Decrease Java heap size (-Xmx/-Xms)
#   Decrease number of Java threads
#   Decrease Java thread stack sizes (-Xss)
#   Set larger code cache with -XX:ReservedCodeCacheSize=
#   JVM is running with Unscaled Compressed Oops mode in which the Java heap is
#     placed in the first 4GB address space. The Java Heap base address is the
#     maximum limit for the native heap growth. Please use -XX:HeapBaseMinAddress
#     to set the Java Heap base and to place the Java Heap above 4GB virtual address.
# This output file may be truncated or incomplete.
#
#  Out of Memory Error (virtualSpaceNode.cpp:113), pid=8364, tid=15784
#
# JRE version: OpenJDK Runtime Environment Temurin-21.0.7+6 (21.0.7+6) (build 21.0.7+6-LTS)
# Java VM: OpenJDK 64-Bit Server VM Temurin-21.0.7+6 (21.0.7+6-LTS, mixed mode, sharing, tiered, compressed oops, compressed class ptrs, parallel gc, windows-amd64)
# No core dump will be written. Minidumps are not enabled by default on client versions of Windows
#

---------------  S U M M A R Y ------------

Command Line: --add-modules=ALL-SYSTEM --add-opens=java.base/java.util=ALL-UNNAMED --add-opens=java.base/java.lang=ALL-UNNAMED --add-opens=java.base/sun.nio.fs=ALL-UNNAMED -Declipse.application=org.eclipse.jdt.ls.core.id1 -Dosgi.bundles.defaultStartLevel=4 -Declipse.product=org.eclipse.jdt.ls.core.product -Djava.import.generatesMetadataFilesAtProjectRoot=false -DDetectVMInstallationsJob.disabled=true -Dfile.encoding=utf8 -XX:+UseParallelGC -XX:GCTimeRatio=4 -XX:AdaptiveSizePolicyWeight=90 -Dsun.zip.disableMemoryMapping=true -Xmx2G -Xms100m -Xlog:disable -javaagent:c:\Users\pc\.cursor\extensions\redhat.java-1.43.1-win32-x64\lombok\lombok-1.18.39-4050.jar c:\Users\pc\.cursor\extensions\redhat.java-1.43.1-win32-x64\server\plugins\org.eclipse.equinox.launcher_1.7.0.v20250519-0528.jar -configuration c:\Users\pc\AppData\Roaming\Cursor\User\globalStorage\redhat.java\1.43.1\config_ss_win -data c:\Users\pc\AppData\Roaming\Cursor\User\workspaceStorage\17a42e5fca43c5cfd27dfec362e362d2\redhat.java\ss_ws --pipe=\\.\pipe\lsp-31e5a57dc682db87f846bc5be165f2c0-sock

Host: Intel(R) Core(TM) i5-6200U CPU @ 2.30GHz, 4 cores, 3G,  Windows 10 , 64 bit Build 19041 (10.0.19041.5915)
Time: Tue Jul 22 21:21:55 2025 Paris, Madrid (heure duild 19041 (10.0.19041.5915) elapsed time: 1.566839 seconds (0d 0h 0m 1s)

---------------  T H R E A D  ---------------

Current thread (0x000001c235ad2320):  JavaThread "main"             [_thread_in_vm, id=15784, stack(0x0000003f31e00000,0x0000003f31f00000) (1024K)]

Stack: [0x0000003f31e00000,0x0000003f31f00000]
Native frames: (J=compiled Java code, j=interpreted, Vv=VM code, C=native code)
V  [jvm.dll+0x6ce119]
V  [jvm.dll+0x8a84a1]
V  [jvm.dll+0x8aa9ce]
V  [jvm.dll+0x8ab0b3]
V  [jvm.dll+0x27f8a6]
V  [jvm.dll+0x8a41ee]
V  [jvm.dll+0x670575]
V  [jvm.dll+0x6705da]
V  [jvm.dll+0x672dc2]
V  [jvm.dll+0x672c92]
V  [jvm.dll+0x670f4e]
V  [jvm.dll+0x26a8d0]
V  [jvm.dll+0x216127]
V  [jvm.dll+0x20bbae]
V  [jvm.dll+0x5ae58c]
V  [jvm.dll+0x21d26a]
V  [jvm.dll+0x820d6c]
V  [jvm.dll+0x821d94]
V  [jvm.dll+0x822362]
V  [jvm.dll+0x821fe8]
V  [jvm.dll+0x26cf1b]
V  [jvm.dll+0x26d14a]
V  [jvm.dll+0x5d1997]
V  [jvm.dll+0x5d497f]
V  [jvm.dll+0x3d8605]
V  [jvm.dll+0x3d7c7d]
C  0x000001c240218095

The last pc belongs to invokestatic (printed below).
Java frames: (J=compiled Java code, j=interpreted, Vv=VM code)
j  jdk.internal.icu.impl.NormalizerImpl.load(Ljava/lang/String;)Ljdk/internal/icu/impl/NormalizerImpl;+2 java.base@21.0.7
j  jdk.internal.icu.impl.Norm2AllModes$Norm2AllModesSingleton.<init>(Ljava/lang/String;)V+37 java.base@21.0.7
j  jdk.internal.icu.impl.Norm2AllModes$NFKCSingleton.<clinit>()V+6 java.base@21.0.7
v  ~StubRoutines::call_stub 0x000001c24020100d
j  jdk.internal.icu.impl.Norm2AllModes.getNFKCInstance()Ljdk/internal/icu/impl/Norm2AllModes;+0 java.base@21.0.7
j  jdk.internal.icu.text.Normalizer2.getNFKDInstance()Ljdk/internal/icu/text/Normalizer2;+0 java.base@21.0.7
j  jdk.internal.icu.text.NormalizerBase$NFKDModeImpl.<clinit>()V+4 java.base@21.0.7
v  ~StubRoutines::call_stub 0x000001c24020100d
j  jdk.internal.icu.text.NormalizerBase$NFKDMode.getNormalizer2(I)Ljdk/internal/icu/text/Normalizer2;+16 java.base@21.0.7
j  jdk.internal.icu.text.NormalizerBase.normalize(Ljava/lang/String;Ljdk/internal/icu/text/NormalizerBase$Mode;I)Ljava/lang/String;+2 java.base@21.0.7
j  jdk.internal.icu.text.NormalizerBase.normalize(Ljava/lang/String;Ljava/text/Normalizer$Form;)Ljava/lang/String;+6 java.base@21.0.7
j  java.text.Normalizer.normalize(Ljava/lang/CharSequence;Ljava/text/Normalizer$Form;)Ljava/lang/String;+7 java.base@21.0.7
j  sun.security.x509.AVA.toRFC2253CanonicalString()Ljava/lang/String;+352 java.base@21.0.7
j  sun.security.x509.RDN.toRFC2253StringInternal(ZLjava/util/Map;)Ljava/lang/String;+19 java.base@21.0.7
j  sun.security.x509.RDN.toRFC2253String(Z)Ljava/lang/String;+27 java.base@21.0.7
j  sun.security.x509.X500Name.getRFC2253CanonicalName()Ljava/lang/String;+62 java.base@21.0.7
j  sun.security.x509.X500Name.equals(Ljava/lang/Object;)Z+118 java.base@21.0.7
j  sun.security.pkcs.PKCS7.getCertificate(Ljava/math/BigInteger;Lsun/security/x509/X500Name;)Ljava/security/cert/X509Certificate;+60 java.base@21.0.7
j  sun.security.pkcs.SignerInfo.getCertificate(Lsun/security/pkcs/PKCS7;)Ljava/security/cert/X509Certificate;+9 java.base@21.0.7
j  sun.security.pkcs.SignerInfo.verify(Lsun/security/pkcs/PKCS7;[B)Lsun/security/pkcs/SignerInfo;+422 java.base@21.0.7
j  sun.security.pkcs.PKCS7.verify(Lsun/security/pkcs/SignerInfo;[B)Lsun/security/pkcs/SignerInfo;+3 java.base@21.0.7
j  sun.security.pkcs.PKCS7.verify([B)[Lsun/security/pkcs/SignerInfo;+27 java.base@21.0.7
j  sun.security.pkcs.SignerInfo.getTimestamp()Ljava/security/Timestamp;+45 java.base@21.0.7
j  sun.security.pkcs.SignerInfo.verify(Lsun/security/pkcs/PKCS7;[B)Lsun/security/pkcs/SignerInfo;+3 java.base@21.0.7
j  sun.security.pkcs.PKCS7.verify(Lsun/security/pkcs/SignerInfo;[B)Lsun/security/pkcs/SignerInfo;+3 java.base@21.0.7
j  sun.security.pkcs.PKCS7.verify([B)[Lsun/security/pkcs/SignerInfo;+27 java.base@21.0.7
j  sun.security.util.SignatureFileVerifier.processImpl(Ljava/util/Hashtable;Ljava/util/List;Ljava/lang/String;)V+62 java.base@21.0.7
j  sun.security.util.SignatureFileVerifier.process(Ljava/util/Hashtable;Ljava/util/List;Ljava/lang/String;)V+12 java.base@21.0.7
j  java.util.jar.JarVerifier.processEntry(Lsun/security/util/ManifestEntryVerifier;)V+397 java.base@21.0.7
j  java.util.jar.JarVerifier.update(I[BIILsun/security/util/ManifestEntryVerifier;)V+39 java.base@21.0.7
j  java.util.jar.JarFile.initializeVerifier()V+164 java.base@21.0.7
j  java.util.jar.JarFile.ensureInitialization()V+36 java.base@21.0.7
j  java.util.jar.JavaUtilJarAccessImpl.ensureInitialization(Ljava/util/jar/JarFile;)V+1 java.base@21.0.7
j  jdk.internal.loader.URLClassPath$JarLoader$2.getManifest()Ljava/util/jar/Manifest;+10 java.base@21.0.7
j  jdk.internal.loader.BuiltinClassLoader.defineClass(Ljava/lang/String;Ljdk/internal/loader/Resource;)Ljava/lang/Class;+29 java.base@21.0.7
j  jdk.internal.loader.BuiltinClassLoader.findClassOnClassPathOrNull(Ljava/lang/String;)Ljava/lang/Class;+37 java.base@21.0.7
j  jdk.internal.loader.BuiltinClassLoader.loadClassOrNull(Ljava/lang/String;Z)Ljava/lang/Class;+111 java.base@21.0.7
j  jdk.internal.loader.BuiltinClassLoader.loadClass(Ljava/lang/String;Z)Ljava/lang/Class;+3 java.base@21.0.7
j  jdk.internal.loader.ClassLoaders$AppClassLoader.loadClass(Ljava/lang/String;Z)Ljava/lang/Class;+36 java.base@21.0.7
j  java.lang.ClassLoader.loadClass(Ljava/lang/String;)Ljava/lang/Class;+3 java.base@21.0.7
v  ~StubRoutines::call_stub 0x000001c24020100d
j  java.lang.Class.forName0(Ljava/lang/String;ZLjava/lang/ClassLoader;Ljava/lang/Class;)Ljava/lang/Class;+0 java.base@21.0.7
j  java.lang.Class.forName(Ljava/lang/String;ZLjava/lang/ClassLoader;Ljava/lang/Class;)Ljava/lang/Class;+37 java.base@21.0.7
j  java.lang.Class.forName(Ljava/lang/String;ZLjava/lang/ClassLoader;)Ljava/lang/Class;+20 java.base@21.0.7
j  sun.launcher.LauncherHelper.loadMainClass(ILjava/lang/String;)Ljava/lang/Class;+95 java.base@21.0.7
j  sun.launcher.LauncherHelper.checkAndLoadMain(ZILjava/lang/String;)Ljava/lang/Class;+42 java.base@21.0.7
v  ~StubRoutines::call_stub 0x000001c24020100d
invokestatic  184 invokestatic  [0x000001c240217fe0, 0x000001c2402182a8]  712 bytes
[MachCode]
  0x000001c240217fe0: 4883 ec08 | c5fa 1104 | 24eb 1f48 | 83ec 10c5 | fb11 0424 | eb14 4883 | ec10 4889 | 0424 48c7 
  0x000001c240218000: 4424 0800 | 0000 00eb | 0150 4c89 | 6dc0 410f | b755 0148 | 8b4d d0c1 | e202 8b5c | d138 c1eb 
  0x000001c240218020: 1081 e3ff | 0000 0081 | fbb8 0000 | 000f 84b4 | 0000 00bb | b800 0000 | e805 0000 | 00e9 9900 
  0x000001c240218040: 0000 488b | d348 8d44 | 2408 4c89 | 6dc0 498b | cfc5 f877 | 4989 afa8 | 0300 0049 | 8987 9803 
  0x000001c240218060: 0000 4883 | ec20 40f6 | c40f 0f84 | 1900 0000 | 4883 ec08 | 48b8 107c | fc67 fd7f | 0000 ffd0 
  0x000001c240218080: 4883 c408 | e90c 0000 | 0048 b810 | 7cfc 67fd | 7f00 00ff | d048 83c4 | 2049 c787 | 9803 0000 
  0x000001c2402180a0: 0000 0000 | 49c7 87a8 | 0300 0000 | 0000 0049 | c787 a003 | 0000 0000 | 0000 c5f8 | 7749 837f 
  0x000001c2402180c0: 0800 0f84 | 0500 0000 | e933 8efe | ff4c 8b6d | c04c 8b75 | c84e 8d74 | f500 c341 | 0fb7 5501 
  0x000001c2402180e0: 488b 4dd0 | c1e2 0248 | 8b5c d140 | 488b 5b08 | 488b 5b08 | 488b 5b18 | 80bb 2101 | 0000 040f 
  0x000001c240218100: 840d 0000 | 004c 3bbb | 2801 0000 | 0f85 21ff | ffff 488b | 5cd1 408b | 54d1 50c1 | ea1c 49ba 
  0x000001c240218120: c0df 8a68 | fd7f 0000 | 498b 14d2 | 5248 8b45 | d848 85c0 | 0f84 1200 | 0000 4883 | 4008 0148 
  0x000001c240218140: 8358 0800 | 4883 c010 | 4889 45d8 | 488b 45d8 | 4885 c00f | 843d 0100 | 0080 78f0 | 0a0f 8533 
  0x000001c240218160: 0100 0048 | 83c0 084c | 8b68 f841 | 83ed 0041 | 83fd 020f | 8c12 0100 | 004c 8b6b | 0845 0fb7 
  0x000001c240218180: 6d2e 4c2b | 2841 83ed | 014e 8b6c | ec08 4d85 | ed75 0ef6 | 4008 0175 | 58f0 4883 | 4808 01eb 
  0x000001c2402181a0: 5045 8b6d | 0849 ba00 | 0000 4dc2 | 0100 004d | 03ea 4d8b | d54c 3368 | 0849 f7c5 | fcff ffff 
  0x000001c2402181c0: 742f 41f6 | c502 7529 | 4883 7808 | 0074 1e48 | 8378 0801 | 7417 4d8b | ea4c 3368 | 0849 f7c5 
  0x000001c2402181e0: fcff ffff | 740b 4883 | 4808 02eb | 044c 8968 | 0848 83c0 | 104c 8b68 | e841 83ed | 0241 83fd 
  0x000001c240218200: 020f 8c84 | 0000 004c | 8b6b 0845 | 0fb7 6d2e | 4c2b 2841 | 83ed 014e | 8b6c ec08 | 4d85 ed75 
  0x000001c240218220: 0ef6 4008 | 0175 58f0 | 4883 4808 | 01eb 5045 | 8b6d 0849 | ba00 0000 | 4dc2 0100 | 004d 03ea 
  0x000001c240218240: 4d8b d54c | 3368 0849 | f7c5 fcff | ffff 742f | 41f6 c502 | 7529 4883 | 7808 0074 | 1e48 8378 
  0x000001c240218260: 0801 7417 | 4d8b ea4c | 3368 0849 | f7c5 fcff | ffff 740b | 4883 4808 | 02eb 044c | 8968 0848 
  0x000001c240218280: 83c0 104c | 8b68 d841 | 83ed 0441 | c1e5 0349 | 03c5 4889 | 45d8 4c8d | 6c24 084c | 896d f0ff 
  0x000001c2402182a0: 6350 660f | 1f44 0000 
[/MachCode]

---------------  P R O C E S S  ---------------

Threads class SMR info:
_java_thread_list=0x000001c28e366b20, length=11, elements={
0x000001c235ad2320, 0x000001c2359bca10, 0x000001c2359c0320, 0x000001c2359c1ea0,
0x000001c2359c4bc0, 0x000001c2359c6780, 0x000001c2359c71d0, 0x000001c2359c8000,
0x000001c235a38e90, 0x000001c235b3cda0, 0x000001c28e2db450
}

Java Threads: ( => current thread )
=>0x000001c235ad2320 JavaThread "main"                              [_thread_in_vm, id=15784, stack(0x0000003f31e00000,0x0000003f31f00000) (1024K)]
  0x000001c2359bca10 JavaThread "Reference Handler"          daemon [_thread_blocked, id=17444, stack(0x0000003f32200000,0x0000003f32300000) (1024K)]
  0x000001c2359c0320 JavaThread "Finalizer"                  daemon [_thread_blocked, id=7528, stack(0x0000003f32300000,0x0000003f32400000) (1024K)]
  0x000001c2359c1ea0 JavaThread "Signal Dispatcher"          daemon [_thread_blocked, id=14596, stack(0x0000003f32400000,0x0000003f32500000) (1024K)]
  0x000001c2359c4bc0 JavaThread "Attach Listener"            daemon [_thread_blocked, id=10364, stack(0x0000003f32500000,0x0000003f32600000) (1024K)]
  0x000001c2359c6780 JavaThread "Service Thread"             daemon [_thread_blocked, id=14700, stack(0x0000003f32600000,0x0000003f32700000) (1024K)]
  0x000001c2359c71d0 JavaThread "Monitor Deflation Thread"   daemon [_thread_blocked, id=3396, stack(0x0000003f32700000,0x0000003f32800000) (1024K)]
  0x000001c2359c8000 JavaThread "C2 CompilerThread0"         daemon [_thread_in_native, id=2092, stack(0x0000003f32800000,0x0000003f32900000) (1024K)]
  0x000001c235a38e90 JavaThread "C1 CompilerThread0"         daemon [_thread_blocked, id=4508, stack(0x0000003f32900000,0x0000003f32a00000) (1024K)]
  0x000001c235b3cda0 JavaThread "Common-Cleaner"             daemon [_thread_blocked, id=14416, stack(0x0000003f32a00000,0x0000003f32b00000) (1024K)]
  0x000001c28e2db450 JavaThread "Notification Thread"        daemon [_thread_blocked, id=11260, stack(0x0000003f32b00000,0x0000003f32c00000) (1024K)]
Total: 11

Other Threads:
  0x000001c235b90130 VMThread "VM Thread"                           [id=6280, stack(0x0000003f32100000,0x0000003f32200000) (1024K)]
  0x000001c235b3a610 WatcherThread "VM Periodic Task Thread"        [id=4316, stack(0x0000003f32000000,0x0000003f32100000) (1024K)]
  0x000001c235af05a0 WorkerThread "GC Thread#0"                     [id=11456, stack(0x0000003f31f00000,0x0000003f32000000) (1024K)]
Total: 3

Threads with active compile tasks:
C2 CompilerThread0  1690  674       4       lombok.patcher.scripts.MethodLevelPatchScript::patch (21 bytes)
Total: 1

VM state: not at safepoint (normal execution)

VM Mutex/Monitor currently owned by a thread:  ([mutex/lock_event])
[0x00007ffd6889c308] Metaspace_lock - owner thread: 0x000001c235ad2320

Heap address: 0x0000000080000000, size: 2048 MB, Compressed Oops mode: 32-bit

CDS archive(s) mapped at: [0x000001c24d000000-0x000001c24dba0000-0x000001c24dba0000), size 12189696, SharedBaseAddress: 0x000001c24d000000, ArchiveRelocationMode: 1.
Compressed class space mapped at: 0x000001c24e000000-0x000001c28e000000, reserved size: 1073741824
Narrow klass base: 0x000001c24d000000, Narrow klass shift: 0, Narrow klass range: 0x100000000

GC Precious Log:
 CardTable entry size: 512
 CPUs: 4 total, 4 available
 Memory: 3424M
 Large Page Support: Disabled
 NUMA Support: Disabled
 Compressed Oops: Enabled (32-bit)
 Alignments: Space 512K, Generation 512K, Heap 2M
 Heap Min Capacity: 100M
 Heap Initial Capacity: 100M
 Heap Max Capacity: 2G
 Pre-touch: Disabled
 Parallel Workers: 4

Heap:
 PSYoungGen      total 29696K, used 13855K [0x00000000d5580000, 0x00000000d7680000, 0x0000000100000000)
  eden space 25600K, 54% used [0x00000000d5580000,0x00000000d6307f28,0x00000000d6e80000)
  from space 4096K, 0% used [0x00000000d7280000,0x00000000d7280000,0x00000000d7680000)
  to   space 4096K, 0% used [0x00000000d6e80000,0x00000000d6e80000,0x00000000d7280000)
 ParOldGen       total 68608K, used 0K [0x0000000080000000, 0x0000000084300000, 0x00000000d5580000)
  object space 68608K, 0% used [0x0000000080000000,0x0000000080000000,0x0000000084300000)
 Metaspace       used 2546K, committed 2752K, reserved 1114112K
  class space    used 253K, committed 384K, reserved 1048576K

Card table byte_map: [0x000001c235480000,0x000001c235890000] _byte_map_base: 0x000001c235080000

Marking Bits: (ParMarkBitMap*) 0x00007ffd688a31f0
 Begin Bits: [0x000001c247f80000, 0x000001c249f80000)
 End Bits:   [0x000001c249f80000, 0x000001c24bf80000)

Polling page: 0x000001c233960000

Metaspace:

Usage:
  Non-class:      2.24 MB used.
      Class:    253.86 KB used.
       Both:      2.49 MB used.

Virtual space:
  Non-class space:       64.00 MB reserved,       2.31 MB (  4%) committed,  1 nodes.
      Class space:        1.00 GB reserved,     384.00 KB ( <1%) committed,  1 nodes.
             Both:        1.06 GB reserved,       2.69 MB ( <1%) committed. 

Chunk freelists:
   Non-Class:  11.65 MB
       Class:  15.67 MB
        Both:  27.32 MB

MaxMetaspaceSize: unlimited
CompressedClassSpaceSize: 1.00 GB
Initial GC threshold: 21.00 MB
Current GC threshold: 21.00 MB
CDS: on
 - commit_granule_bytes: 65536.
 - commit_granule_words: 8192.
 - virtual_space_node_default_size: 8388608.
 - enlarge_chunks_in_place: 1.
 - use_allocation_guard: 0.


Internal statistics:

num_allocs_failed_limit: 0.
num_arena_births: 80.
num_arena_deaths: 0.
num_vsnodes_births: 2.
num_vsnodes_deaths: 0.
num_space_committed: 43.
num_space_uncommitted: 0.
num_chunks_returned_to_freelist: 0.
num_chunks_taken_from_freelist: 102.
num_chunk_merges: 0.
num_chunk_splits: 71.
num_chunks_enlarged: 46.
num_inconsistent_stats: 0.

CodeHeap 'non-profiled nmethods': size=120000Kb used=262Kb max_used=262Kb free=119737Kb
 bounds [0x000001c2407a0000, 0x000001c240a10000, 0x000001c247cd0000]
CodeHeap 'profiled nmethods': size=120000Kb used=991Kb max_used=991Kb free=119009Kb
 bounds [0x000001c238cd0000, 0x000001c238f40000, 0x000001c240200000]
CodeHeap 'non-nmethods': size=5760Kb used=1180Kb max_used=1196Kb free=4579Kb
 bounds [0x000001c240200000, 0x000001c240470000, 0x000001c2407a0000]
 total_blobs=1111 nmethods=674 adapters=344
 compilation: enabled
              stopped_count=0, restarted_count=0
 full_count=0

Compilation events (20 events):
Event: 1.484 Thread 0x000001c2359c8000 nmethod 635 0x000001c2407de410 code [0x000001c2407de5a0, 0x000001c2407de648]
Event: 1.493 Thread 0x000001c235a38e90  659       3       sun.security.util.DerInputStream::available (10 bytes)
Event: 1.493 Thread 0x000001c235a38e90 nmethod 659 0x000001c238dc3c10 code [0x000001c238dc3da0, 0x000001c238dc3eb0]
Event: 1.494 Thread 0x000001c2359c8000  660       4       jdk.internal.misc.Unsafe::allocateUninitializedArray (55 bytes)
Event: 1.495 Thread 0x000001c2359c8000 nmethod 660 0x000001c2407de710 code [0x000001c2407de8a0, 0x000001c2407dea90]
Event: 1.528 Thread 0x000001c235a38e90  661       3       java.util.jar.Manifest$FastInputStream::readLine (296 bytes)
Event: 1.529 Thread 0x000001c235a38e90 nmethod 661 0x000001c238dc3f10 code [0x000001c238dc4140, 0x000001c238dc49a8]
Event: 1.533 Thread 0x000001c235a38e90  662       3       java.util.Objects::checkFromIndexSize (8 bytes)
Event: 1.534 Thread 0x000001c235a38e90 nmethod 662 0x000001c238dc4d10 code [0x000001c238dc4ec0, 0x000001c238dc50c8]
Event: 1.536 Thread 0x000001c235a38e90  664       3       jdk.internal.util.ArraysSupport::vectorizedHashCode (158 bytes)
Event: 1.536 Thread 0x000001c235a38e90 nmethod 664 0x000001c238dc5210 code [0x000001c238dc5520, 0x000001c238dc6508]
Event: 1.536 Thread 0x000001c2359c8000  665       4       java.lang.AbstractStringBuilder::isLatin1 (19 bytes)
Event: 1.537 Thread 0x000001c2359c8000 nmethod 665 0x000001c2407def90 code [0x000001c2407df120, 0x000001c2407df1d0]
Event: 1.537 Thread 0x000001c2359c8000  666       4       java.util.Collections$UnmodifiableCollection$1::next (10 bytes)
Event: 1.548 Thread 0x000001c2359c8000 nmethod 666 0x000001c2407df290 code [0x000001c2407df440, 0x000001c2407df820]
Event: 1.550 Thread 0x000001c235a38e90  667       3       sun.invoke.util.Wrapper::forPrimitiveType (122 bytes)
Event: 1.551 Thread 0x000001c235a38e90 nmethod 667 0x000001c238dc6890 code [0x000001c238dc6b60, 0x000001c238dc7640]
Event: 1.551 Thread 0x000001c235a38e90  669       3       java.lang.Integer::rotateRight (9 bytes)
Event: 1.552 Thread 0x000001c235a38e90 nmethod 669 0x000001c238dc7910 code [0x000001c238dc7aa0, 0x000001c238dc7ba0]
Event: 1.552 Thread 0x000001c2359c8000  671       4       java.util.HashSet::iterator (13 bytes)

GC Heap History (0 events):
No events

Dll operation events (8 events):
Event: 0.016 Loaded shared library c:\Users\pc\.cursor\extensions\redhat.java-1.43.1-win32-x64\jre\21.0.7-win32-x86_64\bin\java.dll
Event: 0.318 Loaded shared library c:\Users\pc\.cursor\extensions\redhat.java-1.43.1-win32-x64\jre\21.0.7-win32-x86_64\bin\zip.dll
Event: 0.370 Loaded shared library C:\Users\pc\.cursor\extensions\redhat.java-1.43.1-win32-x64\jre\21.0.7-win32-x86_64\bin\instrument.dll
Event: 0.408 Loaded shared library C:\Users\pc\.cursor\extensions\redhat.java-1.43.1-win32-x64\jre\21.0.7-win32-x86_64\bin\net.dll
Event: 0.419 Loaded shared library C:\Users\pc\.cursor\extensions\redhat.java-1.43.1-win32-x64\jre\21.0.7-win32-x86_64\bin\nio.dll
Event: 0.425 Loaded shared library C:\Users\pc\.cursor\extensions\redhat.java-1.43.1-win32-x64\jre\21.0.7-win32-x86_64\bin\zip.dll
Event: 0.480 Loaded shared library C:\Users\pc\.cursor\extensions\redhat.java-1.43.1-win32-x64\jre\21.0.7-win32-x86_64\bin\jimage.dll
Event: 0.777 Loaded shared library c:\Users\pc\.cursor\extensions\redhat.java-1.43.1-win32-x64\jre\21.0.7-win32-x86_64\bin\verify.dll

Deoptimization events (20 events):
Event: 1.427 Thread 0x000001c235ad2320 Uncommon trap: trap_request=0xffffff45 fr.pc=0x000001c2407c1504 relative=0x00000000000000e4
Event: 1.427 Thread 0x000001c235ad2320 Uncommon trap: reason=unstable_if action=reinterpret pc=0x000001c2407c1504 method=java.net.URI.match(CJJ)Z @ 45 c2
Event: 1.427 Thread 0x000001c235ad2320 DEOPT PACKING pc=0x000001c2407c1504 sp=0x0000003f31efd2b0
Event: 1.427 Thread 0x000001c235ad2320 DEOPT UNPACKING pc=0x000001c240253aa2 sp=0x0000003f31efd218 mode 2
Event: 1.492 Thread 0x000001c235ad2320 Uncommon trap: trap_request=0xffffffde fr.pc=0x000001c2407de1dc relative=0x000000000000013c
Event: 1.492 Thread 0x000001c235ad2320 Uncommon trap: reason=class_check action=maybe_recompile pc=0x000001c2407de1dc method=jdk.internal.misc.Unsafe.allocateUninitializedArray(Ljava/lang/Class;I)Ljava/lang/Object; @ 51 c2
Event: 1.492 Thread 0x000001c235ad2320 DEOPT PACKING pc=0x000001c2407de1dc sp=0x0000003f31efb280
Event: 1.492 Thread 0x000001c235ad2320 DEOPT UNPACKING pc=0x000001c240253aa2 sp=0x0000003f31efb1f8 mode 2
Event: 1.492 Thread 0x000001c235ad2320 Uncommon trap: trap_request=0xffffffde fr.pc=0x000001c2407de1dc relative=0x000000000000013c
Event: 1.492 Thread 0x000001c235ad2320 Uncommon trap: reason=class_check action=maybe_recompile pc=0x000001c2407de1dc method=jdk.internal.misc.Unsafe.allocateUninitializedArray(Ljava/lang/Class;I)Ljava/lang/Object; @ 51 c2
Event: 1.492 Thread 0x000001c235ad2320 DEOPT PACKING pc=0x000001c2407de1dc sp=0x0000003f31efb280
Event: 1.492 Thread 0x000001c235ad2320 DEOPT UNPACKING pc=0x000001c240253aa2 sp=0x0000003f31efb1f8 mode 2
Event: 1.492 Thread 0x000001c235ad2320 Uncommon trap: trap_request=0xffffffde fr.pc=0x000001c2407de1dc relative=0x000000000000013c
Event: 1.492 Thread 0x000001c235ad2320 Uncommon trap: reason=class_check action=maybe_recompile pc=0x000001c2407de1dc method=jdk.internal.misc.Unsafe.allocateUninitializedArray(Ljava/lang/Class;I)Ljava/lang/Object; @ 51 c2
Event: 1.492 Thread 0x000001c235ad2320 DEOPT PACKING pc=0x000001c2407de1dc sp=0x0000003f31efb280
Event: 1.492 Thread 0x000001c235ad2320 DEOPT UNPACKING pc=0x000001c240253aa2 sp=0x0000003f31efb1f8 mode 2
Event: 1.492 Thread 0x000001c235ad2320 Uncommon trap: trap_request=0xffffffde fr.pc=0x000001c2407de1dc relative=0x000000000000013c
Event: 1.492 Thread 0x000001c235ad2320 Uncommon trap: reason=class_check action=maybe_recompile pc=0x000001c2407de1dc method=jdk.internal.misc.Unsafe.allocateUninitializedArray(Ljava/lang/Class;I)Ljava/lang/Object; @ 51 c2
Event: 1.492 Thread 0x000001c235ad2320 DEOPT PACKING pc=0x000001c2407de1dc sp=0x0000003f31efb2c0
Event: 1.492 Thread 0x000001c235ad2320 DEOPT UNPACKING pc=0x000001c240253aa2 sp=0x0000003f31efb238 mode 2

Classes loaded (20 events):
Event: 1.559 Loading class jdk/internal/icu/text/NormalizerBase$NFKDModeImpl done
Event: 1.559 Loading class jdk/internal/icu/text/NormalizerBase$ModeImpl
Event: 1.559 Loading class jdk/internal/icu/text/NormalizerBase$ModeImpl done
Event: 1.559 Loading class jdk/internal/icu/text/Normalizer2
Event: 1.560 Loading class jdk/internal/icu/text/Normalizer2 done
Event: 1.560 Loading class jdk/internal/icu/impl/Norm2AllModes
Event: 1.560 Loading class jdk/internal/icu/impl/Norm2AllModes done
Event: 1.560 Loading class jdk/internal/icu/impl/Norm2AllModes$NoopNormalizer2
Event: 1.560 Loading class jdk/internal/icu/impl/Norm2AllModes$NoopNormalizer2 done
Event: 1.560 Loading class jdk/internal/icu/impl/Norm2AllModes$NFKCSingleton
Event: 1.560 Loading class jdk/internal/icu/impl/Norm2AllModes$NFKCSingleton done
Event: 1.560 Loading class jdk/internal/icu/impl/Norm2AllModes$Norm2AllModesSingleton
Event: 1.560 Loading class jdk/internal/icu/impl/Norm2AllModes$Norm2AllModesSingleton done
Event: 1.560 Loading class jdk/internal/icu/impl/NormalizerImpl
Event: 1.561 Loading class jdk/internal/icu/impl/NormalizerImpl done
Event: 1.561 Loading class jdk/internal/icu/impl/NormalizerImpl$IsAcceptable
Event: 1.562 Loading class jdk/internal/icu/impl/ICUBinary$Authenticate
Event: 1.562 Loading class jdk/internal/icu/impl/ICUBinary$Authenticate done
Event: 1.562 Loading class jdk/internal/icu/impl/NormalizerImpl$IsAcceptable done
Event: 1.562 Loading class jdk/internal/icu/impl/ICUBinary

Classes unloaded (0 events):
No events

Classes redefined (0 events):
No events

Internal exceptions (12 events):
Event: 0.300 Thread 0x000001c235ad2320 Exception <a 'java/lang/NoSuchMethodError'{0x00000000d57aa018}: 'void java.lang.invoke.DirectMethodHandle$Holder.invokeStatic(java.lang.Object, java.lang.Object, java.lang.Object)'> (0x00000000d57aa018) 
thrown [s\src\hotspot\share\interpreter\linkResolver.cpp, line 773]
Event: 0.469 Thread 0x000001c235ad2320 Exception <a 'java/lang/NoSuchMethodError'{0x00000000d5911d88}: 'java.lang.Object java.lang.invoke.Invokers$Holder.invokeExact_MT(java.lang.Object, java.lang.Object, java.lang.Object, java.lang.Object, java.lang.Object)'> (0x00000000d5911d88) 
thrown [s\src\hotspot\share\interpreter\linkResolver.cpp, line 773]
Event: 0.593 Thread 0x000001c235ad2320 Exception <a 'java/lang/NoSuchMethodError'{0x00000000d59ca118}: 'int java.lang.invoke.DirectMethodHandle$Holder.invokeSpecial(java.lang.Object, java.lang.Object, java.lang.Object, int)'> (0x00000000d59ca118) 
thrown [s\src\hotspot\share\interpreter\linkResolver.cpp, line 773]
Event: 0.599 Thread 0x000001c235ad2320 Exception <a 'java/lang/NoSuchMethodError'{0x00000000d59dcb00}: 'java.lang.Object java.lang.invoke.DirectMethodHandle$Holder.invokeStatic(java.lang.Object, java.lang.Object, java.lang.Object, java.lang.Object, int)'> (0x00000000d59dcb00) 
thrown [s\src\hotspot\share\interpreter\linkResolver.cpp, line 773]
Event: 0.603 Thread 0x000001c235ad2320 Exception <a 'java/lang/NoSuchMethodError'{0x00000000d59e7f40}: 'void java.lang.invoke.DelegatingMethodHandle$Holder.reinvoke_L(java.lang.Object, java.lang.Object, java.lang.Object, int, java.lang.Object)'> (0x00000000d59e7f40) 
thrown [s\src\hotspot\share\interpreter\linkResolver.cpp, line 773]
Event: 0.610 Thread 0x000001c235ad2320 Exception <a 'java/lang/NoSuchMethodError'{0x00000000d59f8890}: 'int java.lang.invoke.DirectMethodHandle$Holder.invokeSpecial(java.lang.Object, java.lang.Object, java.lang.Object)'> (0x00000000d59f8890) 
thrown [s\src\hotspot\share\interpreter\linkResolver.cpp, line 773]
Event: 0.613 Thread 0x000001c235ad2320 Exception <a 'java/lang/NoSuchMethodError'{0x00000000d5a04550}: 'java.lang.Object java.lang.invoke.DirectMethodHandle$Holder.invokeStatic(java.lang.Object, java.lang.Object, int)'> (0x00000000d5a04550) 
thrown [s\src\hotspot\share\interpreter\linkResolver.cpp, line 773]
Event: 0.615 Thread 0x000001c235ad2320 Exception <a 'java/lang/NoSuchMethodError'{0x00000000d5a08ea0}: 'void java.lang.invoke.DirectMethodHandle$Holder.invokeStatic(java.lang.Object, java.lang.Object, int, java.lang.Object)'> (0x00000000d5a08ea0) 
thrown [s\src\hotspot\share\interpreter\linkResolver.cpp, line 773]
Event: 0.615 Thread 0x000001c235ad2320 Exception <a 'java/lang/NoSuchMethodError'{0x00000000d5a0ca30}: 'void java.lang.invoke.DirectMethodHandle$Holder.invokeSpecial(java.lang.Object, java.lang.Object, java.lang.Object, int, java.lang.Object)'> (0x00000000d5a0ca30) 
thrown [s\src\hotspot\share\interpreter\linkResolver.cpp, line 773]
Event: 0.616 Thread 0x000001c235ad2320 Exception <a 'java/lang/NoSuchMethodError'{0x00000000d5a0fea0}: 'void java.lang.invoke.DelegatingMethodHandle$Holder.delegate(java.lang.Object, java.lang.Object, int, java.lang.Object)'> (0x00000000d5a0fea0) 
thrown [s\src\hotspot\share\interpreter\linkResolver.cpp, line 773]
Event: 0.905 Thread 0x000001c235ad2320 Exception <a 'java/lang/NoSuchMethodError'{0x00000000d5bce930}: 'void java.lang.invoke.DelegatingMethodHandle$Holder.reinvoke_L(java.lang.Object, java.lang.Object, java.lang.Object, int)'> (0x00000000d5bce930) 
thrown [s\src\hotspot\share\interpreter\linkResolver.cpp, line 773]
Event: 1.400 Thread 0x000001c235ad2320 Exception <a 'java/lang/NoSuchMethodError'{0x00000000d6059d18}: 'void java.lang.invoke.DirectMethodHandle$Holder.invokeVirtual(java.lang.Object, java.lang.Object)'> (0x00000000d6059d18) 
thrown [s\src\hotspot\share\interpreter\linkResolver.cpp, line 773]

ZGC Phase Switch (0 events):
No events

VM Operations (6 events):
Event: 0.315 Executing VM operation: HandshakeAllThreads (Deoptimize)
Event: 0.315 Executing VM operation: HandshakeAllThreads (Deoptimize) done
Event: 0.520 Executing VM operation: HandshakeAllThreads (Deoptimize)
Event: 0.520 Executing VM operation: HandshakeAllThreads (Deoptimize) done
Event: 1.526 Executing VM operation: Cleanup
Event: 1.526 Executing VM operation: Cleanup done

Memory protections (0 events):
No events

Nmethod flushes (0 events):
No events

Events (11 events):
Event: 0.038 Thread 0x000001c235ad2320 Thread added: 0x000001c235ad2320
Event: 0.132 Thread 0x000001c235ad2320 Thread added: 0x000001c2359bca10
Event: 0.134 Thread 0x000001c235ad2320 Thread added: 0x000001c2359c0320
Event: 0.134 Thread 0x000001c235ad2320 Thread added: 0x000001c2359c1ea0
Event: 0.135 Thread 0x000001c235ad2320 Thread added: 0x000001c2359c4bc0
Event: 0.135 Thread 0x000001c235ad2320 Thread added: 0x000001c2359c6780
Event: 0.135 Thread 0x000001c235ad2320 Thread added: 0x000001c2359c71d0
Event: 0.136 Thread 0x000001c235ad2320 Thread added: 0x000001c2359c8000
Event: 0.153 Thread 0x000001c235ad2320 Thread added: 0x000001c235a38e90
Event: 0.274 Thread 0x000001c235ad2320 Thread added: 0x000001c235b3cda0
Event: 1.172 Thread 0x000001c235ad2320 Thread added: 0x000001c28e2db450


Dynamic libraries:
0x00007ff7c21c0000 - 0x00007ff7c21ce000 	c:\Users\pc\.cursor\extensions\redhat.java-1.43.1-win32-x64\jre\21.0.7-win32-x86_64\bin\java.exe
0x00007ffdf2930000 - 0x00007ffdf2b28000 	C:\Windows\SYSTEM32\ntdll.dll
0x00007ffdf1730000 - 0x00007ffdf17f2000 	C:\Windows\System32\KERNEL32.DLL
0x00007ffdf0170000 - 0x00007ffdf0466000 	C:\Windows\System32\KERNELBASE.dll
0x00007ffdf0020000 - 0x00007ffdf0120000 	C:\Windows\System32\ucrtbase.dll
0x00007ffdc8d70000 - 0x00007ffdc8d88000 	c:\Users\pc\.cursor\extensions\redhat.java-1.43.1-win32-x64\jre\21.0.7-win32-x86_64\bin\jli.dll
0x00007ffdf22a0000 - 0x00007ffdf243d000 	C:\Windows\System32\USER32.dll
0x00007ffdeffc0000 - 0x00007ffdeffe2000 	C:\Windows\System32\win32u.dll
0x00007ffdf28c0000 - 0x00007ffdf28eb000 	C:\Windows\System32\GDI32.dll
0x00007ffdf0510000 - 0x00007ffdf0629000 	C:\Windows\System32\gdi32full.dll
0x00007ffdf0470000 - 0x00007ffdf050d000 	C:\Windows\System32\msvcp_win.dll
0x00007ffdc7c90000 - 0x00007ffdc7cae000 	c:\Users\pc\.cursor\extensions\redhat.java-1.43.1-win32-x64\jre\21.0.7-win32-x86_64\bin\VCRUNTIME140.dll
0x00007ffdde6c0000 - 0x00007ffdde95a000 	C:\Windows\WinSxS\amd64_microsoft.windows.common-controls_6595b64144ccf1df_6.0.19041.5915_none_60b4b9d171f9c7c7\COMCTL32.dll
0x00007ffdf1e40000 - 0x00007ffdf1ede000 	C:\Windows\System32\msvcrt.dll
0x00007ffdf2500000 - 0x00007ffdf252f000 	C:\Windows\System32\IMM32.DLL
0x00007ffde61a0000 - 0x00007ffde61ac000 	c:\Users\pc\.cursor\extensions\redhat.java-1.43.1-win32-x64\jre\21.0.7-win32-x86_64\bin\vcruntime140_1.dll
0x00007ffdbf450000 - 0x00007ffdbf4dd000 	c:\Users\pc\.cursor\extensions\redhat.java-1.43.1-win32-x64\jre\21.0.7-win32-x86_64\bin\msvcp140.dll
0x00007ffd67bf0000 - 0x00007ffd68980000 	c:\Users\pc\.cursor\extensions\redhat.java-1.43.1-win32-x64\jre\21.0.7-win32-x86_64\bin\server\jvm.dll
0x00007ffdf2440000 - 0x00007ffdf24f1000 	C:\Windows\System32\ADVAPI32.dll
0x00007ffdf2530000 - 0x00007ffdf25cf000 	C:\Windows\System32\sechost.dll
0x00007ffdf1ee0000 - 0x00007ffdf2003000 	C:\Windows\System32\RPCRT4.dll
0x00007ffdefff0000 - 0x00007ffdf0017000 	C:\Windows\System32\bcrypt.dll
0x00007ffdf1930000 - 0x00007ffdf199b000 	C:\Windows\System32\WS2_32.dll
0x00007ffdef500000 - 0x00007ffdef54b000 	C:\Windows\SYSTEM32\POWRPROF.dll
0x00007ffdde310000 - 0x00007ffdde337000 	C:\Windows\SYSTEM32\WINMM.dll
0x00007ffde61e0000 - 0x00007ffde61ea000 	C:\Windows\SYSTEM32\VERSION.dll
0x00007ffdef3c0000 - 0x00007ffdef3d2000 	C:\Windows\SYSTEM32\UMPDC.dll
0x00007ffdede40000 - 0x00007ffdede52000 	C:\Windows\SYSTEM32\kernel.appcore.dll
0x00007ffdd99a0000 - 0x00007ffdd99aa000 	c:\Users\pc\.cursor\extensions\redhat.java-1.43.1-win32-x64\jre\21.0.7-win32-x86_64\bin\jimage.dll
0x00007ffded0c0000 - 0x00007ffded2c1000 	C:\Windows\SYSTEM32\DBGHELP.DLL
0x00007ffded080000 - 0x00007ffded0b4000 	C:\Windows\SYSTEM32\dbgcore.DLL
0x00007ffdf0630000 - 0x00007ffdf06b2000 	C:\Windows\System32\bcryptPrimitives.dll
0x00007ffdd9980000 - 0x00007ffdd998f000 	c:\Users\pc\.cursor\extensions\redhat.java-1.43.1-win32-x64\jre\21.0.7-win32-x86_64\bin\instrument.dll
0x00007ffdc5420000 - 0x00007ffdc543f000 	c:\Users\pc\.cursor\extensions\redhat.java-1.43.1-win32-x64\jre\21.0.7-win32-x86_64\bin\java.dll
0x00007ffdf0fc0000 - 0x00007ffdf172e000 	C:\Windows\System32\SHELL32.dll
0x00007ffdee040000 - 0x00007ffdee7e4000 	C:\Windows\SYSTEM32\windows.storage.dll
0x00007ffdf1ae0000 - 0x00007ffdf1e33000 	C:\Windows\System32\combase.dll
0x00007ffdef9f0000 - 0x00007ffdefa1b000 	C:\Windows\SYSTEM32\Wldp.dll
0x00007ffdf25d0000 - 0x00007ffdf269d000 	C:\Windows\System32\OLEAUT32.dll
0x00007ffdf19a0000 - 0x00007ffdf1a4d000 	C:\Windows\System32\SHCORE.dll
0x00007ffdf27c0000 - 0x00007ffdf281b000 	C:\Windows\System32\shlwapi.dll
0x00007ffdefef0000 - 0x00007ffdeff15000 	C:\Windows\SYSTEM32\profapi.dll
0x00007ffdc5400000 - 0x00007ffdc5418000 	c:\Users\pc\.cursor\extensions\redhat.java-1.43.1-win32-x64\jre\21.0.7-win32-x86_64\bin\zip.dll
0x00007ffdd5ba0000 - 0x00007ffdd5bb0000 	C:\Users\pc\.cursor\extensions\redhat.java-1.43.1-win32-x64\jre\21.0.7-win32-x86_64\bin\net.dll
0x00007ffde1ba0000 - 0x00007ffde1caa000 	C:\Windows\SYSTEM32\WINHTTP.dll
0x00007ffdef750000 - 0x00007ffdef7ba000 	C:\Windows\system32\mswsock.dll
0x00007ffdc4a40000 - 0x00007ffdc4a56000 	C:\Users\pc\.cursor\extensions\redhat.java-1.43.1-win32-x64\jre\21.0.7-win32-x86_64\bin\nio.dll
0x00007ffdd9880000 - 0x00007ffdd9890000 	c:\Users\pc\.cursor\extensions\redhat.java-1.43.1-win32-x64\jre\21.0.7-win32-x86_64\bin\verify.dll

dbghelp: loaded successfully - version: 4.0.5 - missing functions: none
symbol engine: initialized successfully - sym options: 0x614 - pdb path: .;c:\Users\pc\.cursor\extensions\redhat.java-1.43.1-win32-x64\jre\21.0.7-win32-x86_64\bin;C:\Windows\SYSTEM32;C:\Windows\WinSxS\amd64_microsoft.windows.common-controls_6595b64144ccf1df_6.0.19041.5915_none_60b4b9d171f9c7c7;c:\Users\pc\.cursor\extensions\redhat.java-1.43.1-win32-x64\jre\21.0.7-win32-x86_64\bin\server

VM Arguments:
jvm_args: --add-modules=ALL-SYSTEM --add-opens=java.base/java.util=ALL-UNNAMED --add-opens=java.base/java.lang=ALL-UNNAMED --add-opens=java.base/sun.nio.fs=ALL-UNNAMED -Declipse.application=org.eclipse.jdt.ls.core.id1 -Dosgi.bundles.defaultStartLevel=4 -Declipse.product=org.eclipse.jdt.ls.core.product -Djava.import.generatesMetadataFilesAtProjectRoot=false -DDetectVMInstallationsJob.disabled=true -Dfile.encoding=utf8 -XX:+UseParallelGC -XX:GCTimeRatio=4 -XX:AdaptiveSizePolicyWeight=90 -Dsun.zip.disableMemoryMapping=true -Xmx2G -Xms100m -Xlog:disable -javaagent:c:\Users\pc\.cursor\extensions\redhat.java-1.43.1-win32-x64\lombok\lombok-1.18.39-4050.jar 
java_command: c:\Users\pc\.cursor\extensions\redhat.java-1.43.1-win32-x64\server\plugins\org.eclipse.equinox.launcher_1.7.0.v20250519-0528.jar -configuration c:\Users\pc\AppData\Roaming\Cursor\User\globalStorage\redhat.java\1.43.1\config_ss_win -data c:\Users\pc\AppData\Roaming\Cursor\User\workspaceStorage\17a42e5fca43c5cfd27dfec362e362d2\redhat.java\ss_ws --pipe=\\.\pipe\lsp-31e5a57dc682db87f846bc5be165f2c0-sock
java_class_path (initial): c:\Users\pc\.cursor\extensions\redhat.java-1.43.1-win32-x64\server\plugins\org.eclipse.equinox.launcher_1.7.0.v20250519-0528.jar
Launcher Type: SUN_STANDARD

[Global flags]
    uintx AdaptiveSizePolicyWeight                 = 90                                        {product} {command line}
     intx CICompilerCount                          = 3                                         {product} {ergonomic}
    uintx GCTimeRatio                              = 4                                         {product} {command line}
   size_t InitialHeapSize                          = 104857600                                 {product} {command line}
   size_t MaxHeapSize                              = 2147483648                                {product} {command line}
   size_t MaxNewSize                               = 715653120                                 {product} {ergonomic}
   size_t MinHeapDeltaBytes                        = 524288                                    {product} {ergonomic}
   size_t MinHeapSize                              = 104857600                                 {product} {command line}
   size_t NewSize                                  = 34603008                                  {product} {ergonomic}
    uintx NonNMethodCodeHeapSize                   = 5832780                                {pd product} {ergonomic}
    uintx NonProfiledCodeHeapSize                  = 122912730                              {pd product} {ergonomic}
   size_t OldSize                                  = 70254592                                  {product} {ergonomic}
    uintx ProfiledCodeHeapSize                     = 122912730                              {pd product} {ergonomic}
    uintx ReservedCodeCacheSize                    = 251658240                              {pd product} {ergonomic}
     bool SegmentedCodeCache                       = true                                      {product} {ergonomic}
   size_t SoftMaxHeapSize                          = 2147483648                             {manageable} {ergonomic}
     bool UseCompressedOops                        = true                           {product lp64_product} {ergonomic}
     bool UseLargePagesIndividualAllocation        = false                                  {pd product} {ergonomic}
     bool UseParallelGC                            = true                                      {product} {command line}

Logging:
Log output configuration:
 #0: stdout all=off uptime,level,tags foldmultilines=false
 #1: stderr all=off uptime,level,tags foldmultilines=false

Environment Variables:
PATH=C:\Users\pc\AppData\Local\Programs\Python\Python313\Scripts\;C:\Users\pc\AppData\Local\Programs\Python\Python313\;C:\Program Files\Common Files\Oracle\Java\javapath;C:\Windows\system32;C:\Windows;C:\Windows\System32\Wbem;C:\Windows\System32\WindowsPowerShell\v1.0\;C:\Windows\System32\OpenSSH\;C:\xampp\php;C:\composer;C:\Users\pc\Downloads\kotlinc\kotlinc\bin;C:\ProgramData\chocolatey\bin;C:\Users\pc\Downloads\flutter\bin;C:\Program Files\Git\cmd;C:\Program Files\nodejs\;C:\Users\pc\AppData\Local\Programs\Python\Launcher\;C:\Users\pc\AppData\Local\Microsoft\WindowsApps;C:\Users\pc\AppData\Local\Programs\Microsoft VS Code\bin;C:\Program Files\JetBrains\PyCharm Community Edition 2024.2.4\bin;;C:\Users\pc\AppData\Roaming\Composer\vendor\bin;C:\Users\pc\AppData\Local\Programs\cursor\resources\app\bin;C:\Users\VotreNomDUtilisateur\AppData\Local\Pub\Cache\bin;C:\Users\pc\AppData\Local\Pub\Cache\bin;C:\Users\pc\AppData\Roaming\npm;C:\Users\pc\AppData\Local\GitHubDesktop\bin
USERNAME=pc
OS=Windows_NT
PROCESSOR_IDENTIFIER=Intel64 Family 6 Model 78 Stepping 3, GenuineIntel
TMP=C:\Users\pc\AppData\Local\Temp
TEMP=C:\Users\pc\AppData\Local\Temp




Periodic native trim disabled

---------------  S Y S T E M  ---------------

OS:
 Windows 10 , 64 bit Build 19041 (10.0.19041.5915)
OS uptime: 1 days 20:04 hours

CPU: total 4 (initial active 4) (2 cores per cpu, 2 threads per core) family 6 model 78 stepping 3 microcode 0xcc, cx8, cmov, fxsr, ht, mmx, 3dnowpref, sse, sse2, sse3, ssse3, sse4.1, sse4.2, popcnt, lzcnt, tsc, tscinvbit, avx, avx2, aes, erms, clmul, bmi1, bmi2, adx, fma, vzeroupper, clflush, clflushopt, rdtscp, f16c
Processor Information for the first 4 processors :
  Max Mhz: 2401, Current Mhz: 2401, Mhz Limit: 2401

Memory: 4k page, system-wide physical 3424M (162M free)
TotalPageFile size 14176M (AvailPageFile size 40M)
current process WorkingSet (physical memory assigned to process): 54M, peak: 55M
current process commit charge ("private bytes"): 216M, peak: 216M

vm_info: OpenJDK 64-Bit Server VM (21.0.7+6-LTS) for windows-amd64 JRE (21.0.7+6-LTS), built on 2025-04-15T00:00:00Z by "admin" with MS VC++ 17.7 (VS2022)

END.
