#
# There is insufficient memory for the Java Runtime Environment to continue.
# Native memory allocation (malloc) failed to allocate 1640656 bytes. Error detail: Chunk::new
# Possible reasons:
#   The system is out of physical RAM or swap space
#   This process is running with CompressedOops enabled, and the Java Heap may be blocking the growth of the native heap
# Possible solutions:
#   Reduce memory load on the system
#   Increase physical memory or swap space
#   Check if swap backing store is full
#   Decrease Java heap size (-Xmx/-Xms)
#   Decrease number of Java threads
#   Decrease Java thread stack sizes (-Xss)
#   Set larger code cache with -XX:ReservedCodeCacheSize=
#   JVM is running with Unscaled Compressed Oops mode in which the Java heap is
#     placed in the first 4GB address space. The Java Heap base address is the
#     maximum limit for the native heap growth. Please use -XX:HeapBaseMinAddress
#     to set the Java Heap base and to place the Java Heap above 4GB virtual address.
# This output file may be truncated or incomplete.
#
#  Out of Memory Error (arena.cpp:168), pid=18248, tid=8476
#
# JRE version: OpenJDK Runtime Environment Temurin-21.0.7+6 (21.0.7+6) (build 21.0.7+6-LTS)
# Java VM: OpenJDK 64-Bit Server VM Temurin-21.0.7+6 (21.0.7+6-LTS, mixed mode, sharing, tiered, compressed oops, compressed class ptrs, parallel gc, windows-amd64)
# No core dump will be written. Minidumps are not enabled by default on client versions of Windows
#

---------------  S U M M A R Y ------------

Command Line: --add-modules=ALL-SYSTEM --add-opens=java.base/java.util=ALL-UNNAMED --add-opens=java.base/java.lang=ALL-UNNAMED --add-opens=java.base/sun.nio.fs=ALL-UNNAMED -Declipse.application=org.eclipse.jdt.ls.core.id1 -Dosgi.bundles.defaultStartLevel=4 -Declipse.product=org.eclipse.jdt.ls.core.product -Djava.import.generatesMetadataFilesAtProjectRoot=false -DDetectVMInstallationsJob.disabled=true -Dfile.encoding=utf8 -XX:+UseParallelGC -XX:GCTimeRatio=4 -XX:AdaptiveSizePolicyWeight=90 -Dsun.zip.disableMemoryMapping=true -Xmx2G -Xms100m -Xlog:disable -javaagent:c:\Users\pc\.cursor\extensions\redhat.java-1.43.1-win32-x64\lombok\lombok-1.18.39-4050.jar c:\Users\pc\.cursor\extensions\redhat.java-1.43.1-win32-x64\server\plugins\org.eclipse.equinox.launcher_1.7.0.v20250519-0528.jar -configuration c:\Users\pc\AppData\Roaming\Cursor\User\globalStorage\redhat.java\1.43.1\config_ss_win -data c:\Users\pc\AppData\Roaming\Cursor\User\workspaceStorage\17a42e5fca43c5cfd27dfec362e362d2\redhat.java\ss_ws --pipe=\\.\pipe\lsp-15a7633c14f1e8fb7493e14792462da4-sock

Host: Intel(R) Core(TM) i5-6200U CPU @ 2.30GHz, 4 cores, 3G,  Windows 10 , 64 bit Build 19041 (10.0.19041.5915)
Time: Tue Jul 22 21:21:43 2025 Paris, Madrid (heure duild 19041 (10.0.19041.5915) elapsed time: 11.233321 seconds (0d 0h 0m 11s)

---------------  T H R E A D  ---------------

Current thread (0x000002294f2e80a0):  JavaThread "C2 CompilerThread0" daemon [_thread_in_native, id=8476, stack(0x0000002da5d00000,0x0000002da5e00000) (1024K)]


Current CompileTask:
C2:11233 2571       4       org.lombokweb.asm.ClassReader::readMethod (1070 bytes)

Stack: [0x0000002da5d00000,0x0000002da5e00000]
Native frames: (J=compiled Java code, j=interpreted, Vv=VM code, C=native code)
V  [jvm.dll+0x6ce119]
V  [jvm.dll+0x8a84a1]
V  [jvm.dll+0x8aa9ce]
V  [jvm.dll+0x8ab0b3]
V  [jvm.dll+0x27f8a6]
V  [jvm.dll+0xc507d]
V  [jvm.dll+0xc55b3]
V  [jvm.dll+0x3b68f2]
V  [jvm.dll+0x1e0029]
V  [jvm.dll+0x247c42]
V  [jvm.dll+0x2470cf]
V  [jvm.dll+0x1c760e]
V  [jvm.dll+0x25695a]
V  [jvm.dll+0x254efa]
V  [jvm.dll+0x3f03f6]
V  [jvm.dll+0x851f6b]
V  [jvm.dll+0x6cc7dd]
C  [ucrtbase.dll+0x21bb2]
C  [KERNEL32.DLL+0x17374]
C  [ntdll.dll+0x4cc91]


---------------  P R O C E S S  ---------------

Threads class SMR info:
_java_thread_list=0x000002296b772eb0, length=19, elements={
0x000002294f3f1930, 0x000002294f2dcbb0, 0x000002294f2e04c0, 0x000002294f2e3f50,
0x000002294f2e4c60, 0x000002294f2e6820, 0x000002294f2e7270, 0x000002294f2e80a0,
0x000002294f358fd0, 0x000002294f45d370, 0x0000022966aebf90, 0x000002296b0d8240,
0x000002296b3099e0, 0x000002296b30c050, 0x000002294f347540, 0x00000229669fe180,
0x000002296b3cf240, 0x000002296b3e3bd0, 0x000002296b5a0470
}

Java Threads: ( => current thread )
  0x000002294f3f1930 JavaThread "main"                              [_thread_blocked, id=10200, stack(0x0000002da5300000,0x0000002da5400000) (1024K)]
  0x000002294f2dcbb0 JavaThread "Reference Handler"          daemon [_thread_blocked, id=14344, stack(0x0000002da5700000,0x0000002da5800000) (1024K)]
  0x000002294f2e04c0 JavaThread "Finalizer"                  daemon [_thread_blocked, id=11816, stack(0x0000002da5800000,0x0000002da5900000) (1024K)]
  0x000002294f2e3f50 JavaThread "Signal Dispatcher"          daemon [_thread_blocked, id=13580, stack(0x0000002da5900000,0x0000002da5a00000) (1024K)]
  0x000002294f2e4c60 JavaThread "Attach Listener"            daemon [_thread_blocked, id=16812, stack(0x0000002da5a00000,0x0000002da5b00000) (1024K)]
  0x000002294f2e6820 JavaThread "Service Thread"             daemon [_thread_blocked, id=16408, stack(0x0000002da5b00000,0x0000002da5c00000) (1024K)]
  0x000002294f2e7270 JavaThread "Monitor Deflation Thread"   daemon [_thread_blocked, id=2608, stack(0x0000002da5c00000,0x0000002da5d00000) (1024K)]
=>0x000002294f2e80a0 JavaThread "C2 CompilerThread0"         daemon [_thread_in_native, id=8476, stack(0x0000002da5d00000,0x0000002da5e00000) (1024K)]
  0x000002294f358fd0 JavaThread "C1 CompilerThread0"         daemon [_thread_blocked, id=10216, stack(0x0000002da5e00000,0x0000002da5f00000) (1024K)]
  0x000002294f45d370 JavaThread "Common-Cleaner"             daemon [_thread_blocked, id=2396, stack(0x0000002da5f00000,0x0000002da6000000) (1024K)]
  0x0000022966aebf90 JavaThread "Notification Thread"        daemon [_thread_blocked, id=10780, stack(0x0000002da6000000,0x0000002da6100000) (1024K)]
  0x000002296b0d8240 JavaThread "Active Thread: Equinox Container: b574d8ae-e391-4da6-8985-00a7ca00c126"        [_thread_blocked, id=18392, stack(0x0000002da6400000,0x0000002da6500000) (1024K)]
  0x000002296b3099e0 JavaThread "Framework Event Dispatcher: Equinox Container: b574d8ae-e391-4da6-8985-00a7ca00c126" daemon [_thread_blocked, id=17868, stack(0x0000002da6500000,0x0000002da6600000) (1024K)]
  0x000002296b30c050 JavaThread "Start Level: Equinox Container: b574d8ae-e391-4da6-8985-00a7ca00c126" daemon [_thread_in_native, id=7008, stack(0x0000002da6600000,0x0000002da6700000) (1024K)]
  0x000002294f347540 JavaThread "SCR Component Actor"        daemon [_thread_blocked, id=5600, stack(0x0000002da6700000,0x0000002da6800000) (1024K)]
  0x00000229669fe180 JavaThread "SCR Component Registry"     daemon [_thread_blocked, id=18144, stack(0x0000002da6800000,0x0000002da6900000) (1024K)]
  0x000002296b3cf240 JavaThread "Worker-JM"                         [_thread_blocked, id=18112, stack(0x0000002da6900000,0x0000002da6a00000) (1024K)]
  0x000002296b3e3bd0 JavaThread "Worker-0"                          [_thread_blocked, id=9364, stack(0x0000002da6a00000,0x0000002da6b00000) (1024K)]
  0x000002296b5a0470 JavaThread "Worker-1"                          [_thread_blocked, id=15684, stack(0x0000002da6b00000,0x0000002da6c00000) (1024K)]
Total: 19

Other Threads:
  0x000002294f4b0320 VMThread "VM Thread"                           [id=1272, stack(0x0000002da5600000,0x0000002da5700000) (1024K)]
  0x000002294f45ab20 WatcherThread "VM Periodic Task Thread"        [id=12328, stack(0x0000002da5500000,0x0000002da5600000) (1024K)]
  0x000002294f410ab0 WorkerThread "GC Thread#0"                     [id=14132, stack(0x0000002da5400000,0x0000002da5500000) (1024K)]
  0x000002296b166540 WorkerThread "GC Thread#1"                     [id=10360, stack(0x0000002da6100000,0x0000002da6200000) (1024K)]
  0x000002296b2c2ed0 WorkerThread "GC Thread#2"                     [id=6484, stack(0x0000002da6200000,0x0000002da6300000) (1024K)]
  0x000002296b2c3270 WorkerThread "GC Thread#3"                     [id=16016, stack(0x0000002da6300000,0x0000002da6400000) (1024K)]
Total: 6

Threads with active compile tasks:
C2 CompilerThread0  11366 2571       4       org.lombokweb.asm.ClassReader::readMethod (1070 bytes)
Total: 1

VM state: not at safepoint (normal execution)

VM Mutex/Monitor currently owned by a thread: None

Heap address: 0x0000000080000000, size: 2048 MB, Compressed Oops mode: 32-bit

CDS archive(s) mapped at: [0x0000022900000000-0x0000022900ba0000-0x0000022900ba0000), size 12189696, SharedBaseAddress: 0x0000022900000000, ArchiveRelocationMode: 1.
Compressed class space mapped at: 0x0000022901000000-0x0000022941000000, reserved size: 1073741824
Narrow klass base: 0x0000022900000000, Narrow klass shift: 0, Narrow klass range: 0x100000000

GC Precious Log:
 CardTable entry size: 512
 CPUs: 4 total, 4 available
 Memory: 3424M
 Large Page Support: Disabled
 NUMA Support: Disabled
 Compressed Oops: Enabled (32-bit)
 Alignments: Space 512K, Generation 512K, Heap 2M
 Heap Min Capacity: 100M
 Heap Initial Capacity: 100M
 Heap Max Capacity: 2G
 Pre-touch: Disabled
 Parallel Workers: 4

Heap:
 PSYoungGen      total 29184K, used 21795K [0x00000000d5580000, 0x00000000d7900000, 0x0000000100000000)
  eden space 25088K, 70% used [0x00000000d5580000,0x00000000d66cb650,0x00000000d6e00000)
  from space 4096K, 99% used [0x00000000d6e80000,0x00000000d727d7e8,0x00000000d7280000)
  to   space 5632K, 0% used [0x00000000d7380000,0x00000000d7380000,0x00000000d7900000)
 ParOldGen       total 68608K, used 5571K [0x0000000080000000, 0x0000000084300000, 0x00000000d5580000)
  object space 68608K, 8% used [0x0000000080000000,0x0000000080570c40,0x0000000084300000)
 Metaspace       used 20626K, committed 21184K, reserved 1114112K
  class space    used 1932K, committed 2176K, reserved 1048576K

Card table byte_map: [0x000002294eda0000,0x000002294f1b0000] _byte_map_base: 0x000002294e9a0000

Marking Bits: (ParMarkBitMap*) 0x00007ffd688a31f0
 Begin Bits: [0x00000229618a0000, 0x00000229638a0000)
 End Bits:   [0x00000229638a0000, 0x00000229658a0000)

Polling page: 0x000002294d170000

Metaspace:

Usage:
  Non-class:     18.26 MB used.
      Class:      1.89 MB used.
       Both:     20.14 MB used.

Virtual space:
  Non-class space:       64.00 MB reserved,      18.56 MB ( 29%) committed,  1 nodes.
      Class space:        1.00 GB reserved,       2.12 MB ( <1%) committed,  1 nodes.
             Both:        1.06 GB reserved,      20.69 MB (  2%) committed. 

Chunk freelists:
   Non-Class:  12.56 MB
       Class:  13.88 MB
        Both:  26.44 MB

MaxMetaspaceSize: unlimited
CompressedClassSpaceSize: 1.00 GB
Initial GC threshold: 21.00 MB
Current GC threshold: 21.00 MB
CDS: on
 - commit_granule_bytes: 65536.
 - commit_granule_words: 8192.
 - virtual_space_node_default_size: 8388608.
 - enlarge_chunks_in_place: 1.
 - use_allocation_guard: 0.


Internal statistics:

num_allocs_failed_limit: 0.
num_arena_births: 470.
num_arena_deaths: 0.
num_vsnodes_births: 2.
num_vsnodes_deaths: 0.
num_space_committed: 331.
num_space_uncommitted: 0.
num_chunks_returned_to_freelist: 0.
num_chunks_taken_from_freelist: 1217.
num_chunk_merges: 0.
num_chunk_splits: 813.
num_chunks_enlarged: 543.
num_inconsistent_stats: 0.

CodeHeap 'non-profiled nmethods': size=120000Kb used=1105Kb max_used=1105Kb free=118894Kb
 bounds [0x000002295a0c0000, 0x000002295a330000, 0x00000229615f0000]
CodeHeap 'profiled nmethods': size=120000Kb used=5230Kb max_used=5230Kb free=114769Kb
 bounds [0x00000229525f0000, 0x0000022952b10000, 0x0000022959b20000]
CodeHeap 'non-nmethods': size=5760Kb used=1304Kb max_used=1306Kb free=4455Kb
 bounds [0x0000022959b20000, 0x0000022959d90000, 0x000002295a0c0000]
 total_blobs=3227 nmethods=2640 adapters=493
 compilation: enabled
              stopped_count=0, restarted_count=0
 full_count=0

Compilation events (20 events):
Event: 10.934 Thread 0x000002294f358fd0 nmethod 2621 0x0000022952af6a90 code [0x0000022952af6c80, 0x0000022952af7088]
Event: 11.145 Thread 0x000002294f358fd0 2625       3       java.util.concurrent.ConcurrentHashMap::values (25 bytes)
Event: 11.145 Thread 0x000002294f358fd0 nmethod 2625 0x0000022952af7210 code [0x0000022952af73e0, 0x0000022952af76e8]
Event: 11.145 Thread 0x000002294f358fd0 2626       3       java.util.concurrent.ConcurrentHashMap$ValuesView::iterator (34 bytes)
Event: 11.145 Thread 0x000002294f358fd0 nmethod 2626 0x0000022952af7810 code [0x0000022952af79c0, 0x0000022952af7be8]
Event: 11.146 Thread 0x000002294f358fd0 2627       3       java.util.concurrent.ConcurrentHashMap$ValueIterator::<init> (12 bytes)
Event: 11.146 Thread 0x000002294f358fd0 nmethod 2627 0x0000022952af7d10 code [0x0000022952af7ec0, 0x0000022952af7ff8]
Event: 11.147 Thread 0x000002294f358fd0 2628       1       org.eclipse.osgi.internal.loader.EquinoxClassLoader::getDebug (5 bytes)
Event: 11.147 Thread 0x000002294f358fd0 nmethod 2628 0x000002295a1d3e10 code [0x000002295a1d3fa0, 0x000002295a1d4068]
Event: 11.169 Thread 0x000002294f358fd0 2629       3       jdk.internal.jimage.ImageLocation::verify (218 bytes)
Event: 11.171 Thread 0x000002294f358fd0 nmethod 2629 0x0000022952af8090 code [0x0000022952af8340, 0x0000022952af8fd8]
Event: 11.186 Thread 0x000002294f358fd0 2630 %     3       lombok.launch.PackageShader::apply @ 76 (252 bytes)
Event: 11.188 Thread 0x000002294f358fd0 nmethod 2630% 0x0000022952af9510 code [0x0000022952af9780, 0x0000022952afa5f0]
Event: 11.225 Thread 0x000002294f358fd0 2631       3       java.util.regex.Matcher::group (65 bytes)
Event: 11.225 Thread 0x000002294f358fd0 nmethod 2631 0x0000022952afad90 code [0x0000022952afafc0, 0x0000022952afb630]
Event: 11.225 Thread 0x000002294f358fd0 2632       3       java.util.regex.Matcher::checkGroup (41 bytes)
Event: 11.226 Thread 0x000002294f358fd0 nmethod 2632 0x0000022952afb890 code [0x0000022952afbac0, 0x0000022952afc148]
Event: 11.226 Thread 0x000002294f358fd0 2634       3       org.lombokweb.asm.MethodWriter::visitFrame (811 bytes)
Event: 11.230 Thread 0x000002294f358fd0 nmethod 2634 0x0000022952afc410 code [0x0000022952afc940, 0x0000022952afeb88]
Event: 11.231 Thread 0x000002294f358fd0 2635       3       org.lombokweb.asm.Label::put (83 bytes)

GC Heap History (10 events):
Event: 3.459 GC heap before
{Heap before GC invocations=1 (full 0):
 PSYoungGen      total 29696K, used 25600K [0x00000000d5580000, 0x00000000d7680000, 0x0000000100000000)
  eden space 25600K, 100% used [0x00000000d5580000,0x00000000d6e80000,0x00000000d6e80000)
  from space 4096K, 0% used [0x00000000d7280000,0x00000000d7280000,0x00000000d7680000)
  to   space 4096K, 0% used [0x00000000d6e80000,0x00000000d6e80000,0x00000000d7280000)
 ParOldGen       total 68608K, used 0K [0x0000000080000000, 0x0000000084300000, 0x00000000d5580000)
  object space 68608K, 0% used [0x0000000080000000,0x0000000080000000,0x0000000084300000)
 Metaspace       used 4329K, committed 4608K, reserved 1114112K
  class space    used 458K, committed 576K, reserved 1048576K
}
Event: 3.492 GC heap after
{Heap after GC invocations=1 (full 0):
 PSYoungGen      total 29696K, used 3311K [0x00000000d5580000, 0x00000000d7680000, 0x0000000100000000)
  eden space 25600K, 0% used [0x00000000d5580000,0x00000000d5580000,0x00000000d6e80000)
  from space 4096K, 80% used [0x00000000d6e80000,0x00000000d71bbf18,0x00000000d7280000)
  to   space 4096K, 0% used [0x00000000d7280000,0x00000000d7280000,0x00000000d7680000)
 ParOldGen       total 68608K, used 0K [0x0000000080000000, 0x0000000084300000, 0x00000000d5580000)
  object space 68608K, 0% used [0x0000000080000000,0x0000000080000000,0x0000000084300000)
 Metaspace       used 4329K, committed 4608K, reserved 1114112K
  class space    used 458K, committed 576K, reserved 1048576K
}
Event: 6.923 GC heap before
{Heap before GC invocations=2 (full 0):
 PSYoungGen      total 29696K, used 28911K [0x00000000d5580000, 0x00000000d7680000, 0x0000000100000000)
  eden space 25600K, 100% used [0x00000000d5580000,0x00000000d6e80000,0x00000000d6e80000)
  from space 4096K, 80% used [0x00000000d6e80000,0x00000000d71bbf18,0x00000000d7280000)
  to   space 4096K, 0% used [0x00000000d7280000,0x00000000d7280000,0x00000000d7680000)
 ParOldGen       total 68608K, used 0K [0x0000000080000000, 0x0000000084300000, 0x00000000d5580000)
  object space 68608K, 0% used [0x0000000080000000,0x0000000080000000,0x0000000084300000)
 Metaspace       used 8182K, committed 8512K, reserved 1114112K
  class space    used 847K, committed 1024K, reserved 1048576K
}
Event: 6.932 GC heap after
{Heap after GC invocations=2 (full 0):
 PSYoungGen      total 29696K, used 4069K [0x00000000d5580000, 0x00000000d7680000, 0x0000000100000000)
  eden space 25600K, 0% used [0x00000000d5580000,0x00000000d5580000,0x00000000d6e80000)
  from space 4096K, 99% used [0x00000000d7280000,0x00000000d76796f8,0x00000000d7680000)
  to   space 4096K, 0% used [0x00000000d6e80000,0x00000000d6e80000,0x00000000d7280000)
 ParOldGen       total 68608K, used 898K [0x0000000080000000, 0x0000000084300000, 0x00000000d5580000)
  object space 68608K, 1% used [0x0000000080000000,0x00000000800e0830,0x0000000084300000)
 Metaspace       used 8182K, committed 8512K, reserved 1114112K
  class space    used 847K, committed 1024K, reserved 1048576K
}
Event: 8.686 GC heap before
{Heap before GC invocations=3 (full 0):
 PSYoungGen      total 29696K, used 29669K [0x00000000d5580000, 0x00000000d7680000, 0x0000000100000000)
  eden space 25600K, 100% used [0x00000000d5580000,0x00000000d6e80000,0x00000000d6e80000)
  from space 4096K, 99% used [0x00000000d7280000,0x00000000d76796f8,0x00000000d7680000)
  to   space 4096K, 0% used [0x00000000d6e80000,0x00000000d6e80000,0x00000000d7280000)
 ParOldGen       total 68608K, used 898K [0x0000000080000000, 0x0000000084300000, 0x00000000d5580000)
  object space 68608K, 1% used [0x0000000080000000,0x00000000800e0830,0x0000000084300000)
 Metaspace       used 12973K, committed 13440K, reserved 1114112K
  class space    used 1337K, committed 1536K, reserved 1048576K
}
Event: 8.695 GC heap after
{Heap after GC invocations=3 (full 0):
 PSYoungGen      total 29696K, used 4079K [0x00000000d5580000, 0x00000000d7680000, 0x0000000100000000)
  eden space 25600K, 0% used [0x00000000d5580000,0x00000000d5580000,0x00000000d6e80000)
  from space 4096K, 99% used [0x00000000d6e80000,0x00000000d727bcf8,0x00000000d7280000)
  to   space 4096K, 0% used [0x00000000d7280000,0x00000000d7280000,0x00000000d7680000)
 ParOldGen       total 68608K, used 2659K [0x0000000080000000, 0x0000000084300000, 0x00000000d5580000)
  object space 68608K, 3% used [0x0000000080000000,0x0000000080298f70,0x0000000084300000)
 Metaspace       used 12973K, committed 13440K, reserved 1114112K
  class space    used 1337K, committed 1536K, reserved 1048576K
}
Event: 9.824 GC heap before
{Heap before GC invocations=4 (full 0):
 PSYoungGen      total 29696K, used 29679K [0x00000000d5580000, 0x00000000d7680000, 0x0000000100000000)
  eden space 25600K, 100% used [0x00000000d5580000,0x00000000d6e80000,0x00000000d6e80000)
  from space 4096K, 99% used [0x00000000d6e80000,0x00000000d727bcf8,0x00000000d7280000)
  to   space 4096K, 0% used [0x00000000d7280000,0x00000000d7280000,0x00000000d7680000)
 ParOldGen       total 68608K, used 2659K [0x0000000080000000, 0x0000000084300000, 0x00000000d5580000)
  object space 68608K, 3% used [0x0000000080000000,0x0000000080298f70,0x0000000084300000)
 Metaspace       used 15863K, committed 16448K, reserved 1114112K
  class space    used 1604K, committed 1856K, reserved 1048576K
}
Event: 9.830 GC heap after
{Heap after GC invocations=4 (full 0):
 PSYoungGen      total 29696K, used 4094K [0x00000000d5580000, 0x00000000d7680000, 0x0000000100000000)
  eden space 25600K, 0% used [0x00000000d5580000,0x00000000d5580000,0x00000000d6e80000)
  from space 4096K, 99% used [0x00000000d7280000,0x00000000d767fbd0,0x00000000d7680000)
  to   space 4096K, 0% used [0x00000000d6e80000,0x00000000d6e80000,0x00000000d7280000)
 ParOldGen       total 68608K, used 5257K [0x0000000080000000, 0x0000000084300000, 0x00000000d5580000)
  object space 68608K, 7% used [0x0000000080000000,0x0000000080522560,0x0000000084300000)
 Metaspace       used 15863K, committed 16448K, reserved 1114112K
  class space    used 1604K, committed 1856K, reserved 1048576K
}
Event: 10.674 GC heap before
{Heap before GC invocations=5 (full 0):
 PSYoungGen      total 29696K, used 29564K [0x00000000d5580000, 0x00000000d7680000, 0x0000000100000000)
  eden space 25600K, 99% used [0x00000000d5580000,0x00000000d6e5f510,0x00000000d6e80000)
  from space 4096K, 99% used [0x00000000d7280000,0x00000000d767fbd0,0x00000000d7680000)
  to   space 4096K, 0% used [0x00000000d6e80000,0x00000000d6e80000,0x00000000d7280000)
 ParOldGen       total 68608K, used 5257K [0x0000000080000000, 0x0000000084300000, 0x00000000d5580000)
  object space 68608K, 7% used [0x0000000080000000,0x0000000080522560,0x0000000084300000)
 Metaspace       used 20029K, committed 20608K, reserved 1114112K
  class space    used 1909K, committed 2176K, reserved 1048576K
}
Event: 10.678 GC heap after
{Heap after GC invocations=5 (full 0):
 PSYoungGen      total 29184K, used 4085K [0x00000000d5580000, 0x00000000d7900000, 0x0000000100000000)
  eden space 25088K, 0% used [0x00000000d5580000,0x00000000d5580000,0x00000000d6e00000)
  from space 4096K, 99% used [0x00000000d6e80000,0x00000000d727d7e8,0x00000000d7280000)
  to   space 5632K, 0% used [0x00000000d7380000,0x00000000d7380000,0x00000000d7900000)
 ParOldGen       total 68608K, used 5571K [0x0000000080000000, 0x0000000084300000, 0x00000000d5580000)
  object space 68608K, 8% used [0x0000000080000000,0x0000000080570c40,0x0000000084300000)
 Metaspace       used 20029K, committed 20608K, reserved 1114112K
  class space    used 1909K, committed 2176K, reserved 1048576K
}

Dll operation events (9 events):
Event: 0.040 Loaded shared library c:\Users\pc\.cursor\extensions\redhat.java-1.43.1-win32-x64\jre\21.0.7-win32-x86_64\bin\java.dll
Event: 0.563 Loaded shared library c:\Users\pc\.cursor\extensions\redhat.java-1.43.1-win32-x64\jre\21.0.7-win32-x86_64\bin\zip.dll
Event: 0.691 Loaded shared library C:\Users\pc\.cursor\extensions\redhat.java-1.43.1-win32-x64\jre\21.0.7-win32-x86_64\bin\instrument.dll
Event: 0.709 Loaded shared library C:\Users\pc\.cursor\extensions\redhat.java-1.43.1-win32-x64\jre\21.0.7-win32-x86_64\bin\net.dll
Event: 0.714 Loaded shared library C:\Users\pc\.cursor\extensions\redhat.java-1.43.1-win32-x64\jre\21.0.7-win32-x86_64\bin\nio.dll
Event: 0.757 Loaded shared library C:\Users\pc\.cursor\extensions\redhat.java-1.43.1-win32-x64\jre\21.0.7-win32-x86_64\bin\zip.dll
Event: 0.865 Loaded shared library C:\Users\pc\.cursor\extensions\redhat.java-1.43.1-win32-x64\jre\21.0.7-win32-x86_64\bin\jimage.dll
Event: 1.274 Loaded shared library c:\Users\pc\.cursor\extensions\redhat.java-1.43.1-win32-x64\jre\21.0.7-win32-x86_64\bin\verify.dll
Event: 6.825 Loaded shared library C:\Users\pc\AppData\Roaming\Cursor\User\globalStorage\redhat.java\1.43.1\config_ss_win\org.eclipse.equinox.launcher\org.eclipse.equinox.launcher.win32.win32.x86_64_1.2.1300.v20250331-1702\eclipse_11911.dll

Deoptimization events (20 events):
Event: 9.720 Thread 0x000002296b30c050 Uncommon trap: trap_request=0xffffff45 fr.pc=0x000002295a1c4d94 relative=0x0000000000000814
Event: 9.720 Thread 0x000002296b30c050 Uncommon trap: reason=unstable_if action=reinterpret pc=0x000002295a1c4d94 method=org.lombokweb.asm.ClassReader.readUTF8(I[C)Ljava/lang/String; @ 11 c2
Event: 9.720 Thread 0x000002296b30c050 DEOPT PACKING pc=0x000002295a1c4d94 sp=0x0000002da66ef620
Event: 9.720 Thread 0x000002296b30c050 DEOPT UNPACKING pc=0x0000022959b73aa2 sp=0x0000002da66ef608 mode 2
Event: 9.769 Thread 0x000002296b30c050 Uncommon trap: trap_request=0xffffff6e fr.pc=0x000002295a1c8cfc relative=0x0000000000000a7c
Event: 9.769 Thread 0x000002296b30c050 Uncommon trap: reason=loop_limit_check action=maybe_recompile pc=0x000002295a1c8cfc method=java.util.regex.Pattern$StartS.match(Ljava/util/regex/Matcher;ILjava/lang/CharSequence;)Z @ 34 c2
Event: 9.769 Thread 0x000002296b30c050 DEOPT PACKING pc=0x000002295a1c8cfc sp=0x0000002da66ef190
Event: 9.769 Thread 0x000002296b30c050 DEOPT UNPACKING pc=0x0000022959b73aa2 sp=0x0000002da66ef0e0 mode 2
Event: 10.369 Thread 0x000002296b30c050 Uncommon trap: trap_request=0xffffff45 fr.pc=0x000002295a1d2d04 relative=0x0000000000000164
Event: 10.369 Thread 0x000002296b30c050 Uncommon trap: reason=unstable_if action=reinterpret pc=0x000002295a1d2d04 method=org.lombokweb.asm.ByteVector.putByteArray([BII)Lorg/lombokweb/asm/ByteVector; @ 20 c2
Event: 10.369 Thread 0x000002296b30c050 DEOPT PACKING pc=0x000002295a1d2d04 sp=0x0000002da66f2830
Event: 10.369 Thread 0x000002296b30c050 DEOPT UNPACKING pc=0x0000022959b73aa2 sp=0x0000002da66f2800 mode 2
Event: 10.369 Thread 0x000002296b30c050 Uncommon trap: trap_request=0xffffff45 fr.pc=0x000002295a1d33d8 relative=0x0000000000000398
Event: 10.369 Thread 0x000002296b30c050 Uncommon trap: reason=unstable_if action=reinterpret pc=0x000002295a1d33d8 method=org.lombokweb.asm.Label.resolve([BLorg/lombokweb/asm/ByteVector;I)Z @ 81 c2
Event: 10.369 Thread 0x000002296b30c050 DEOPT PACKING pc=0x000002295a1d33d8 sp=0x0000002da66f28c0
Event: 10.369 Thread 0x000002296b30c050 DEOPT UNPACKING pc=0x0000022959b73aa2 sp=0x0000002da66f27c8 mode 2
Event: 11.154 Thread 0x000002296b30c050 Uncommon trap: trap_request=0xffffff45 fr.pc=0x000002295a156814 relative=0x00000000000010b4
Event: 11.154 Thread 0x000002296b30c050 Uncommon trap: reason=unstable_if action=reinterpret pc=0x000002295a156814 method=jdk.internal.jimage.ImageStringsReader.stringFromByteBufferMatches(Ljava/nio/ByteBuffer;ILjava/lang/String;I)I @ 48 c2
Event: 11.154 Thread 0x000002296b30c050 DEOPT PACKING pc=0x000002295a156814 sp=0x0000002da66f4610
Event: 11.154 Thread 0x000002296b30c050 DEOPT UNPACKING pc=0x0000022959b73aa2 sp=0x0000002da66f4348 mode 2

Classes loaded (20 events):
Event: 9.505 Loading class java/util/zip/GZIPInputStream
Event: 9.505 Loading class java/util/zip/GZIPInputStream done
Event: 9.576 Loading class java/io/StringReader
Event: 9.576 Loading class java/io/StringReader done
Event: 9.615 Loading class java/net/SocketTimeoutException
Event: 9.616 Loading class java/io/InterruptedIOException
Event: 9.616 Loading class java/io/InterruptedIOException done
Event: 9.616 Loading class java/net/SocketTimeoutException done
Event: 9.616 Loading class java/net/SocketException
Event: 9.617 Loading class java/net/SocketException done
Event: 9.617 Loading class java/net/UnknownHostException
Event: 9.617 Loading class java/net/UnknownHostException done
Event: 9.617 Loading class java/net/ProtocolException
Event: 9.618 Loading class java/net/ProtocolException done
Event: 9.659 Loading class java/lang/ThreadLocal$SuppliedThreadLocal
Event: 9.659 Loading class java/lang/ThreadLocal$SuppliedThreadLocal done
Event: 9.883 Loading class java/io/FileWriter
Event: 9.883 Loading class java/io/FileWriter done
Event: 9.902 Loading class java/lang/NegativeArraySizeException
Event: 9.902 Loading class java/lang/NegativeArraySizeException done

Classes unloaded (0 events):
No events

Classes redefined (0 events):
No events

Internal exceptions (20 events):
Event: 8.904 Thread 0x000002296b30c050 Exception <a 'java/io/FileNotFoundException'{0x00000000d5740820}> (0x00000000d5740820) 
thrown [s\src\hotspot\share\prims\jni.cpp, line 520]
Event: 8.906 Thread 0x000002296b30c050 Exception <a 'java/io/FileNotFoundException'{0x00000000d57480c0}> (0x00000000d57480c0) 
thrown [s\src\hotspot\share\prims\jni.cpp, line 520]
Event: 9.213 Thread 0x000002296b30c050 Exception <a 'java/lang/NoSuchMethodError'{0x00000000d5ce2a20}: 'java.lang.Object java.lang.invoke.DirectMethodHandle$Holder.newInvokeSpecial(java.lang.Object, java.lang.Object, java.lang.Object, java.lang.Object, java.lang.Object)'> (0x00000000d5ce2a20) 
thrown [s\src\hotspot\share\interpreter\linkResolver.cpp, line 773]
Event: 9.249 Thread 0x000002296b30c050 Exception <a 'java/lang/NoSuchMethodError'{0x00000000d5dc0cd0}: 'java.lang.Object java.lang.invoke.DirectMethodHandle$Holder.invokeSpecial(java.lang.Object, java.lang.Object, java.lang.Object, long, java.lang.Object)'> (0x00000000d5dc0cd0) 
thrown [s\src\hotspot\share\interpreter\linkResolver.cpp, line 773]
Event: 9.249 Thread 0x000002296b30c050 Exception <a 'java/lang/NoSuchMethodError'{0x00000000d5dc8518}: 'java.lang.Object java.lang.invoke.DirectMethodHandle$Holder.newInvokeSpecial(java.lang.Object, java.lang.Object, java.lang.Object, long)'> (0x00000000d5dc8518) 
thrown [s\src\hotspot\share\interpreter\linkResolver.cpp, line 773]
Event: 9.250 Thread 0x000002296b30c050 Exception <a 'java/lang/NoSuchMethodError'{0x00000000d5dcc908}: 'java.lang.Object java.lang.invoke.DirectMethodHandle$Holder.invokeSpecial(java.lang.Object, java.lang.Object, java.lang.Object, java.lang.Object, long)'> (0x00000000d5dcc908) 
thrown [s\src\hotspot\share\interpreter\linkResolver.cpp, line 773]
Event: 9.250 Thread 0x000002296b30c050 Exception <a 'java/lang/NoSuchMethodError'{0x00000000d5dd0528}: 'java.lang.Object java.lang.invoke.Invokers$Holder.linkToTargetMethod(java.lang.Object, java.lang.Object, long, java.lang.Object)'> (0x00000000d5dd0528) 
thrown [s\src\hotspot\share\interpreter\linkResolver.cpp, line 773]
Event: 9.275 Thread 0x000002296b30c050 Exception <a 'java/lang/NoSuchMethodError'{0x00000000d5e284c0}: 'int java.lang.invoke.DirectMethodHandle$Holder.invokeStaticInit(java.lang.Object, java.lang.Object, java.lang.Object)'> (0x00000000d5e284c0) 
thrown [s\src\hotspot\share\interpreter\linkResolver.cpp, line 773]
Event: 9.303 Thread 0x000002296b30c050 Exception <a 'java/lang/IncompatibleClassChangeError'{0x00000000d5ed1b28}: Found class java.lang.Object, but interface was expected> (0x00000000d5ed1b28) 
thrown [s\src\hotspot\share\interpreter\linkResolver.cpp, line 840]
Event: 9.304 Thread 0x000002296b30c050 Exception <a 'java/lang/NoSuchMethodError'{0x00000000d5ed5670}: 'java.lang.Object java.lang.invoke.DirectMethodHandle$Holder.invokeSpecial(java.lang.Object, java.lang.Object, java.lang.Object, int, java.lang.Object, java.lang.Object)'> (0x00000000d5ed5670) 
thrown [s\src\hotspot\share\interpreter\linkResolver.cpp, line 773]
Event: 9.305 Thread 0x000002296b30c050 Exception <a 'java/lang/NoSuchMethodError'{0x00000000d5edd148}: 'java.lang.Object java.lang.invoke.DirectMethodHandle$Holder.newInvokeSpecial(java.lang.Object, java.lang.Object, java.lang.Object, int, java.lang.Object)'> (0x00000000d5edd148) 
thrown [s\src\hotspot\share\interpreter\linkResolver.cpp, line 773]
Event: 9.306 Thread 0x000002296b30c050 Exception <a 'java/lang/NoSuchMethodError'{0x00000000d5ee1108}: 'java.lang.Object java.lang.invoke.DirectMethodHandle$Holder.invokeSpecial(java.lang.Object, java.lang.Object, java.lang.Object, java.lang.Object, int, java.lang.Object)'> (0x00000000d5ee1108) 
thrown [s\src\hotspot\share\interpreter\linkResolver.cpp, line 773]
Event: 9.306 Thread 0x000002296b30c050 Exception <a 'java/lang/NoSuchMethodError'{0x00000000d5ee4c48}: 'java.lang.Object java.lang.invoke.Invokers$Holder.linkToTargetMethod(java.lang.Object, java.lang.Object, int, java.lang.Object, java.lang.Object)'> (0x00000000d5ee4c48) 
thrown [s\src\hotspot\share\interpreter\linkResolver.cpp, line 773]
Event: 9.307 Thread 0x000002296b3e3bd0 Exception <a 'java/lang/NoSuchMethodError'{0x00000000d5e2ca40}: 'java.lang.Object java.lang.invoke.DirectMethodHandle$Holder.invokeSpecial(java.lang.Object, java.lang.Object, int, java.lang.Object, java.lang.Object)'> (0x00000000d5e2ca40) 
thrown [s\src\hotspot\share\interpreter\linkResolver.cpp, line 773]
Event: 9.309 Thread 0x000002296b3e3bd0 Exception <a 'java/lang/NoSuchMethodError'{0x00000000d5e33778}: 'java.lang.Object java.lang.invoke.DirectMethodHandle$Holder.newInvokeSpecial(java.lang.Object, java.lang.Object, int, java.lang.Object)'> (0x00000000d5e33778) 
thrown [s\src\hotspot\share\interpreter\linkResolver.cpp, line 773]
Event: 9.310 Thread 0x000002296b3e3bd0 Exception <a 'java/lang/NoSuchMethodError'{0x00000000d5e37098}: 'java.lang.Object java.lang.invoke.DirectMethodHandle$Holder.invokeSpecial(java.lang.Object, java.lang.Object, java.lang.Object, int, java.lang.Object)'> (0x00000000d5e37098) 
thrown [s\src\hotspot\share\interpreter\linkResolver.cpp, line 773]
Event: 9.346 Thread 0x000002296b30c050 Exception <a 'java/lang/NoSuchMethodError'{0x00000000d6034828}: 'void java.lang.invoke.DirectMethodHandle$Holder.invokeSpecial(java.lang.Object, java.lang.Object, java.lang.Object, java.lang.Object, java.lang.Object)'> (0x00000000d6034828) 
thrown [s\src\hotspot\share\interpreter\linkResolver.cpp, line 773]
Event: 9.480 Thread 0x000002296b30c050 Exception <a 'java/lang/NoSuchMethodError'{0x00000000d6235c88}: 'double java.lang.invoke.DirectMethodHandle$Holder.invokeStatic(java.lang.Object, java.lang.Object)'> (0x00000000d6235c88) 
thrown [s\src\hotspot\share\interpreter\linkResolver.cpp, line 773]
Event: 9.481 Thread 0x000002296b30c050 Exception <a 'java/lang/NoSuchMethodError'{0x00000000d6239348}: 'double java.lang.invoke.DirectMethodHandle$Holder.invokeStaticInit(java.lang.Object, java.lang.Object)'> (0x00000000d6239348) 
thrown [s\src\hotspot\share\interpreter\linkResolver.cpp, line 773]
Event: 10.369 Thread 0x000002296b30c050 Implicit null exception at 0x000002295a1d2bf5 to 0x000002295a1d2ce8

ZGC Phase Switch (0 events):
No events

VM Operations (20 events):
Event: 6.923 Executing VM operation: ParallelGCFailedAllocation (Allocation Failure)
Event: 6.932 Executing VM operation: ParallelGCFailedAllocation (Allocation Failure) done
Event: 7.337 Executing VM operation: HandshakeAllThreads (Deoptimize)
Event: 7.337 Executing VM operation: HandshakeAllThreads (Deoptimize) done
Event: 8.018 Executing VM operation: HandshakeAllThreads (Deoptimize)
Event: 8.018 Executing VM operation: HandshakeAllThreads (Deoptimize) done
Event: 8.018 Executing VM operation: Cleanup
Event: 8.018 Executing VM operation: Cleanup done
Event: 8.686 Executing VM operation: ParallelGCFailedAllocation (Allocation Failure)
Event: 8.695 Executing VM operation: ParallelGCFailedAllocation (Allocation Failure) done
Event: 8.938 Executing VM operation: HandshakeAllThreads (Deoptimize)
Event: 8.938 Executing VM operation: HandshakeAllThreads (Deoptimize) done
Event: 8.993 Executing VM operation: HandshakeAllThreads (Deoptimize)
Event: 8.993 Executing VM operation: HandshakeAllThreads (Deoptimize) done
Event: 9.020 Executing VM operation: HandshakeAllThreads (Deoptimize)
Event: 9.021 Executing VM operation: HandshakeAllThreads (Deoptimize) done
Event: 9.823 Executing VM operation: ParallelGCFailedAllocation (Allocation Failure)
Event: 9.831 Executing VM operation: ParallelGCFailedAllocation (Allocation Failure) done
Event: 10.674 Executing VM operation: ParallelGCFailedAllocation (Allocation Failure)
Event: 10.678 Executing VM operation: ParallelGCFailedAllocation (Allocation Failure) done

Memory protections (0 events):
No events

Nmethod flushes (0 events):
No events

Events (19 events):
Event: 0.082 Thread 0x000002294f3f1930 Thread added: 0x000002294f3f1930
Event: 0.215 Thread 0x000002294f3f1930 Thread added: 0x000002294f2dcbb0
Event: 0.219 Thread 0x000002294f3f1930 Thread added: 0x000002294f2e04c0
Event: 0.220 Thread 0x000002294f3f1930 Thread added: 0x000002294f2e3f50
Event: 0.220 Thread 0x000002294f3f1930 Thread added: 0x000002294f2e4c60
Event: 0.230 Thread 0x000002294f3f1930 Thread added: 0x000002294f2e6820
Event: 0.230 Thread 0x000002294f3f1930 Thread added: 0x000002294f2e7270
Event: 0.241 Thread 0x000002294f3f1930 Thread added: 0x000002294f2e80a0
Event: 0.273 Thread 0x000002294f3f1930 Thread added: 0x000002294f358fd0
Event: 0.423 Thread 0x000002294f3f1930 Thread added: 0x000002294f45d370
Event: 1.698 Thread 0x000002294f3f1930 Thread added: 0x0000022966aebf90
Event: 5.124 Thread 0x000002294f3f1930 Thread added: 0x000002296b0d8240
Event: 6.769 Thread 0x000002294f3f1930 Thread added: 0x000002296b3099e0
Event: 6.809 Thread 0x000002294f3f1930 Thread added: 0x000002296b30c050
Event: 6.941 Thread 0x000002296b30c050 Thread added: 0x000002294f347540
Event: 7.287 Thread 0x000002296b30c050 Thread added: 0x00000229669fe180
Event: 8.152 Thread 0x000002296b30c050 Thread added: 0x000002296b3cf240
Event: 9.257 Thread 0x000002296b30c050 Thread added: 0x000002296b3e3bd0
Event: 9.308 Thread 0x000002296b30c050 Thread added: 0x000002296b5a0470


Dynamic libraries:
0x00007ff7c21c0000 - 0x00007ff7c21ce000 	c:\Users\pc\.cursor\extensions\redhat.java-1.43.1-win32-x64\jre\21.0.7-win32-x86_64\bin\java.exe
0x00007ffdf2930000 - 0x00007ffdf2b28000 	C:\Windows\SYSTEM32\ntdll.dll
0x00007ffdf1730000 - 0x00007ffdf17f2000 	C:\Windows\System32\KERNEL32.DLL
0x00007ffdf0170000 - 0x00007ffdf0466000 	C:\Windows\System32\KERNELBASE.dll
0x00007ffdf0020000 - 0x00007ffdf0120000 	C:\Windows\System32\ucrtbase.dll
0x00007ffdc8d70000 - 0x00007ffdc8d88000 	c:\Users\pc\.cursor\extensions\redhat.java-1.43.1-win32-x64\jre\21.0.7-win32-x86_64\bin\jli.dll
0x00007ffdf22a0000 - 0x00007ffdf243d000 	C:\Windows\System32\USER32.dll
0x00007ffdeffc0000 - 0x00007ffdeffe2000 	C:\Windows\System32\win32u.dll
0x00007ffdf28c0000 - 0x00007ffdf28eb000 	C:\Windows\System32\GDI32.dll
0x00007ffdf0510000 - 0x00007ffdf0629000 	C:\Windows\System32\gdi32full.dll
0x00007ffdf0470000 - 0x00007ffdf050d000 	C:\Windows\System32\msvcp_win.dll
0x00007ffdc7c90000 - 0x00007ffdc7cae000 	c:\Users\pc\.cursor\extensions\redhat.java-1.43.1-win32-x64\jre\21.0.7-win32-x86_64\bin\VCRUNTIME140.dll
0x00007ffdde6c0000 - 0x00007ffdde95a000 	C:\Windows\WinSxS\amd64_microsoft.windows.common-controls_6595b64144ccf1df_6.0.19041.5915_none_60b4b9d171f9c7c7\COMCTL32.dll
0x00007ffdf1e40000 - 0x00007ffdf1ede000 	C:\Windows\System32\msvcrt.dll
0x00007ffdf2500000 - 0x00007ffdf252f000 	C:\Windows\System32\IMM32.DLL
0x00007ffde61a0000 - 0x00007ffde61ac000 	c:\Users\pc\.cursor\extensions\redhat.java-1.43.1-win32-x64\jre\21.0.7-win32-x86_64\bin\vcruntime140_1.dll
0x00007ffdbf450000 - 0x00007ffdbf4dd000 	c:\Users\pc\.cursor\extensions\redhat.java-1.43.1-win32-x64\jre\21.0.7-win32-x86_64\bin\msvcp140.dll
0x00007ffd67bf0000 - 0x00007ffd68980000 	c:\Users\pc\.cursor\extensions\redhat.java-1.43.1-win32-x64\jre\21.0.7-win32-x86_64\bin\server\jvm.dll
0x00007ffdf2440000 - 0x00007ffdf24f1000 	C:\Windows\System32\ADVAPI32.dll
0x00007ffdf2530000 - 0x00007ffdf25cf000 	C:\Windows\System32\sechost.dll
0x00007ffdf1ee0000 - 0x00007ffdf2003000 	C:\Windows\System32\RPCRT4.dll
0x00007ffdefff0000 - 0x00007ffdf0017000 	C:\Windows\System32\bcrypt.dll
0x00007ffdf1930000 - 0x00007ffdf199b000 	C:\Windows\System32\WS2_32.dll
0x00007ffdef500000 - 0x00007ffdef54b000 	C:\Windows\SYSTEM32\POWRPROF.dll
0x00007ffdde310000 - 0x00007ffdde337000 	C:\Windows\SYSTEM32\WINMM.dll
0x00007ffde61e0000 - 0x00007ffde61ea000 	C:\Windows\SYSTEM32\VERSION.dll
0x00007ffdef3c0000 - 0x00007ffdef3d2000 	C:\Windows\SYSTEM32\UMPDC.dll
0x00007ffdede40000 - 0x00007ffdede52000 	C:\Windows\SYSTEM32\kernel.appcore.dll
0x00007ffdd99a0000 - 0x00007ffdd99aa000 	c:\Users\pc\.cursor\extensions\redhat.java-1.43.1-win32-x64\jre\21.0.7-win32-x86_64\bin\jimage.dll
0x00007ffded0c0000 - 0x00007ffded2c1000 	C:\Windows\SYSTEM32\DBGHELP.DLL
0x00007ffded080000 - 0x00007ffded0b4000 	C:\Windows\SYSTEM32\dbgcore.DLL
0x00007ffdf0630000 - 0x00007ffdf06b2000 	C:\Windows\System32\bcryptPrimitives.dll
0x00007ffdd9980000 - 0x00007ffdd998f000 	c:\Users\pc\.cursor\extensions\redhat.java-1.43.1-win32-x64\jre\21.0.7-win32-x86_64\bin\instrument.dll
0x00007ffdc5420000 - 0x00007ffdc543f000 	c:\Users\pc\.cursor\extensions\redhat.java-1.43.1-win32-x64\jre\21.0.7-win32-x86_64\bin\java.dll
0x00007ffdf0fc0000 - 0x00007ffdf172e000 	C:\Windows\System32\SHELL32.dll
0x00007ffdee040000 - 0x00007ffdee7e4000 	C:\Windows\SYSTEM32\windows.storage.dll
0x00007ffdf1ae0000 - 0x00007ffdf1e33000 	C:\Windows\System32\combase.dll
0x00007ffdef9f0000 - 0x00007ffdefa1b000 	C:\Windows\SYSTEM32\Wldp.dll
0x00007ffdf25d0000 - 0x00007ffdf269d000 	C:\Windows\System32\OLEAUT32.dll
0x00007ffdf19a0000 - 0x00007ffdf1a4d000 	C:\Windows\System32\SHCORE.dll
0x00007ffdf27c0000 - 0x00007ffdf281b000 	C:\Windows\System32\shlwapi.dll
0x00007ffdefef0000 - 0x00007ffdeff15000 	C:\Windows\SYSTEM32\profapi.dll
0x00007ffdc5400000 - 0x00007ffdc5418000 	c:\Users\pc\.cursor\extensions\redhat.java-1.43.1-win32-x64\jre\21.0.7-win32-x86_64\bin\zip.dll
0x00007ffdd5ba0000 - 0x00007ffdd5bb0000 	C:\Users\pc\.cursor\extensions\redhat.java-1.43.1-win32-x64\jre\21.0.7-win32-x86_64\bin\net.dll
0x00007ffde1ba0000 - 0x00007ffde1caa000 	C:\Windows\SYSTEM32\WINHTTP.dll
0x00007ffdef750000 - 0x00007ffdef7ba000 	C:\Windows\system32\mswsock.dll
0x00007ffdc4a40000 - 0x00007ffdc4a56000 	C:\Users\pc\.cursor\extensions\redhat.java-1.43.1-win32-x64\jre\21.0.7-win32-x86_64\bin\nio.dll
0x00007ffdd9880000 - 0x00007ffdd9890000 	c:\Users\pc\.cursor\extensions\redhat.java-1.43.1-win32-x64\jre\21.0.7-win32-x86_64\bin\verify.dll
0x00007ffdc80e0000 - 0x00007ffdc8125000 	C:\Users\pc\AppData\Roaming\Cursor\User\globalStorage\redhat.java\1.43.1\config_ss_win\org.eclipse.equinox.launcher\org.eclipse.equinox.launcher.win32.win32.x86_64_1.2.1300.v20250331-1702\eclipse_11911.dll
0x00007ffdf09c0000 - 0x00007ffdf0aeb000 	C:\Windows\System32\ole32.dll

dbghelp: loaded successfully - version: 4.0.5 - missing functions: none
symbol engine: initialized successfully - sym options: 0x614 - pdb path: .;c:\Users\pc\.cursor\extensions\redhat.java-1.43.1-win32-x64\jre\21.0.7-win32-x86_64\bin;C:\Windows\SYSTEM32;C:\Windows\WinSxS\amd64_microsoft.windows.common-controls_6595b64144ccf1df_6.0.19041.5915_none_60b4b9d171f9c7c7;c:\Users\pc\.cursor\extensions\redhat.java-1.43.1-win32-x64\jre\21.0.7-win32-x86_64\bin\server;C:\Users\pc\AppData\Roaming\Cursor\User\globalStorage\redhat.java\1.43.1\config_ss_win\org.eclipse.equinox.launcher\org.eclipse.equinox.launcher.win32.win32.x86_64_1.2.1300.v20250331-1702

VM Arguments:
jvm_args: --add-modules=ALL-SYSTEM --add-opens=java.base/java.util=ALL-UNNAMED --add-opens=java.base/java.lang=ALL-UNNAMED --add-opens=java.base/sun.nio.fs=ALL-UNNAMED -Declipse.application=org.eclipse.jdt.ls.core.id1 -Dosgi.bundles.defaultStartLevel=4 -Declipse.product=org.eclipse.jdt.ls.core.product -Djava.import.generatesMetadataFilesAtProjectRoot=false -DDetectVMInstallationsJob.disabled=true -Dfile.encoding=utf8 -XX:+UseParallelGC -XX:GCTimeRatio=4 -XX:AdaptiveSizePolicyWeight=90 -Dsun.zip.disableMemoryMapping=true -Xmx2G -Xms100m -Xlog:disable -javaagent:c:\Users\pc\.cursor\extensions\redhat.java-1.43.1-win32-x64\lombok\lombok-1.18.39-4050.jar 
java_command: c:\Users\pc\.cursor\extensions\redhat.java-1.43.1-win32-x64\server\plugins\org.eclipse.equinox.launcher_1.7.0.v20250519-0528.jar -configuration c:\Users\pc\AppData\Roaming\Cursor\User\globalStorage\redhat.java\1.43.1\config_ss_win -data c:\Users\pc\AppData\Roaming\Cursor\User\workspaceStorage\17a42e5fca43c5cfd27dfec362e362d2\redhat.java\ss_ws --pipe=\\.\pipe\lsp-15a7633c14f1e8fb7493e14792462da4-sock
java_class_path (initial): c:\Users\pc\.cursor\extensions\redhat.java-1.43.1-win32-x64\server\plugins\org.eclipse.equinox.launcher_1.7.0.v20250519-0528.jar
Launcher Type: SUN_STANDARD

[Global flags]
    uintx AdaptiveSizePolicyWeight                 = 90                                        {product} {command line}
     intx CICompilerCount                          = 3                                         {product} {ergonomic}
    uintx GCTimeRatio                              = 4                                         {product} {command line}
   size_t InitialHeapSize                          = 104857600                                 {product} {command line}
   size_t MaxHeapSize                              = 2147483648                                {product} {command line}
   size_t MaxNewSize                               = 715653120                                 {product} {ergonomic}
   size_t MinHeapDeltaBytes                        = 524288                                    {product} {ergonomic}
   size_t MinHeapSize                              = 104857600                                 {product} {command line}
   size_t NewSize                                  = 34603008                                  {product} {ergonomic}
    uintx NonNMethodCodeHeapSize                   = 5832780                                {pd product} {ergonomic}
    uintx NonProfiledCodeHeapSize                  = 122912730                              {pd product} {ergonomic}
   size_t OldSize                                  = 70254592                                  {product} {ergonomic}
    uintx ProfiledCodeHeapSize                     = 122912730                              {pd product} {ergonomic}
    uintx ReservedCodeCacheSize                    = 251658240                              {pd product} {ergonomic}
     bool SegmentedCodeCache                       = true                                      {product} {ergonomic}
   size_t SoftMaxHeapSize                          = 2147483648                             {manageable} {ergonomic}
     bool UseCompressedOops                        = true                           {product lp64_product} {ergonomic}
     bool UseLargePagesIndividualAllocation        = false                                  {pd product} {ergonomic}
     bool UseParallelGC                            = true                                      {product} {command line}

Logging:
Log output configuration:
 #0: stdout all=off uptime,level,tags foldmultilines=false
 #1: stderr all=off uptime,level,tags foldmultilines=false

Environment Variables:
PATH=C:\Users\pc\AppData\Local\Programs\Python\Python313\Scripts\;C:\Users\pc\AppData\Local\Programs\Python\Python313\;C:\Program Files\Common Files\Oracle\Java\javapath;C:\Windows\system32;C:\Windows;C:\Windows\System32\Wbem;C:\Windows\System32\WindowsPowerShell\v1.0\;C:\Windows\System32\OpenSSH\;C:\xampp\php;C:\composer;C:\Users\pc\Downloads\kotlinc\kotlinc\bin;C:\ProgramData\chocolatey\bin;C:\Users\pc\Downloads\flutter\bin;C:\Program Files\Git\cmd;C:\Program Files\nodejs\;C:\Users\pc\AppData\Local\Programs\Python\Launcher\;C:\Users\pc\AppData\Local\Microsoft\WindowsApps;C:\Users\pc\AppData\Local\Programs\Microsoft VS Code\bin;C:\Program Files\JetBrains\PyCharm Community Edition 2024.2.4\bin;;C:\Users\pc\AppData\Roaming\Composer\vendor\bin;C:\Users\pc\AppData\Local\Programs\cursor\resources\app\bin;C:\Users\VotreNomDUtilisateur\AppData\Local\Pub\Cache\bin;C:\Users\pc\AppData\Local\Pub\Cache\bin;C:\Users\pc\AppData\Roaming\npm;C:\Users\pc\AppData\Local\GitHubDesktop\bin
USERNAME=pc
OS=Windows_NT
PROCESSOR_IDENTIFIER=Intel64 Family 6 Model 78 Stepping 3, GenuineIntel
TMP=C:\Users\pc\AppData\Local\Temp
TEMP=C:\Users\pc\AppData\Local\Temp




Periodic native trim disabled

---------------  S Y S T E M  ---------------

OS:
 Windows 10 , 64 bit Build 19041 (10.0.19041.5915)
OS uptime: 1 days 20:04 hours

CPU: total 4 (initial active 4) (2 cores per cpu, 2 threads per core) family 6 model 78 stepping 3 microcode 0xcc, cx8, cmov, fxsr, ht, mmx, 3dnowpref, sse, sse2, sse3, ssse3, sse4.1, sse4.2, popcnt, lzcnt, tsc, tscinvbit, avx, avx2, aes, erms, clmul, bmi1, bmi2, adx, fma, vzeroupper, clflush, clflushopt, rdtscp, f16c
Processor Information for processor 0
  Max Mhz: 2401, Current Mhz: 2401, Mhz Limit: 2401
Processor Information for processor 1
  Max Mhz: 2401, Current Mhz: 2401, Mhz Limit: 2401
Processor Information for processor 2
  Max Mhz: 2401, Current Mhz: 1500, Mhz Limit: 2401
Processor Information for processor 3
  Max Mhz: 2401, Current Mhz: 2401, Mhz Limit: 2401

Memory: 4k page, system-wide physical 3424M (110M free)
TotalPageFile size 14176M (AvailPageFile size 2M)
current process WorkingSet (physical memory assigned to process): 131M, peak: 134M
current process commit charge ("private bytes"): 263M, peak: 266M

vm_info: OpenJDK 64-Bit Server VM (21.0.7+6-LTS) for windows-amd64 JRE (21.0.7+6-LTS), built on 2025-04-15T00:00:00Z by "admin" with MS VC++ 17.7 (VS2022)

END.
